{"numTotalTestSuites":2,"numPassedTestSuites":2,"numFailedTestSuites":0,"numPendingTestSuites":0,"numTotalTests":55,"numPassedTests":36,"numFailedTests":0,"numPendingTests":19,"numTodoTests":0,"snapshot":{"added":0,"failure":false,"filesAdded":0,"filesRemoved":0,"filesRemovedList":[],"filesUnmatched":0,"filesUpdated":0,"matched":0,"total":0,"unchecked":0,"uncheckedKeysByFile":[],"unmatched":0,"updated":0,"didUpdate":false},"startTime":1777651257822,"success":true,"testResults":[{"assertionResults":[{"ancestorTitles":["AdminPage tenant governance permissions"],"fullName":"AdminPage tenant governance permissions platform support icin tenant governance aksiyonlarini salt okunur gosterir","status":"passed","title":"platform support icin tenant governance aksiyonlarini salt okunur gosterir","duration":770.7180000000003,"failureMessages":[],"meta":{},"tags":[]},{"ancestorTitles":["AdminPage tenant governance permissions"],"fullName":"AdminPage tenant governance permissions role-management-only kullaniciya sadece roller sekmesini gosterir","status":"passed","title":"role-management-only kullaniciya sadece roller sekmesini gosterir","duration":65.67849999999999,"failureMessages":[],"meta":{},"tags":[]},{"ancestorTitles":["AdminPage tenant governance permissions"],"fullName":"AdminPage tenant governance permissions role-management-only kullanici query param ile baska sekmeye gecemez","status":"passed","title":"role-management-only kullanici query param ile baska sekmeye gecemez","duration":54.933700000000044,"failureMessages":[],"meta":{},"tags":[]},{"ancestorTitles":["AdminPage tenant governance permissions"],"fullName":"AdminPage tenant governance permissions platform support icin platform operasyon kuyrugunu gosterir","status":"skipped","title":"platform support icin platform operasyon kuyrugunu gosterir","failureMessages":[],"meta":{},"tags":[]},{"ancestorTitles":["AdminPage tenant governance permissions"],"fullName":"AdminPage tenant governance permissions platform support icin ayri platform operasyonlari sekmesini gosterir","status":"passed","title":"platform support icin ayri platform operasyonlari sekmesini gosterir","duration":144.49139999999989,"failureMessages":[],"meta":{},"tags":[]},{"ancestorTitles":["AdminPage tenant governance permissions"],"fullName":"AdminPage tenant governance permissions platform support icin onboarding studio sekmesini gosterir","status":"passed","title":"platform support icin onboarding studio sekmesini gosterir","duration":179.4335000000001,"failureMessages":[],"meta":{},"tags":[]},{"ancestorTitles":["AdminPage tenant governance permissions"],"fullName":"AdminPage tenant governance permissions super admin onboarding studio hizli baslangictan tenant formunu doldurur","status":"passed","title":"super admin onboarding studio hizli baslangictan tenant formunu doldurur","duration":641.6322999999998,"failureMessages":[],"meta":{},"tags":[]},{"ancestorTitles":["AdminPage tenant governance permissions"],"fullName":"AdminPage tenant governance permissions super admin onboarding studio icinden taslak tenant olusturur","status":"passed","title":"super admin onboarding studio icinden taslak tenant olusturur","duration":611.3841999999995,"failureMessages":[],"meta":{},"tags":[]},{"ancestorTitles":["AdminPage tenant governance permissions"],"fullName":"AdminPage tenant governance permissions platform operasyonlari sekmesinde destek workflow alanlarini gosterir","status":"passed","title":"platform operasyonlari sekmesinde destek workflow alanlarini gosterir","duration":984.4490000000005,"failureMessages":[],"meta":{},"tags":[]},{"ancestorTitles":["AdminPage tenant governance permissions"],"fullName":"AdminPage tenant governance permissions platform operasyonlari sekmesinde destek durumu sayaçlari ve filtreleri calisir","status":"skipped","title":"platform operasyonlari sekmesinde destek durumu sayaçlari ve filtreleri calisir","failureMessages":[],"meta":{},"tags":[]},{"ancestorTitles":["AdminPage tenant governance permissions"],"fullName":"AdminPage tenant governance permissions platform operasyonlari sekmesinden destek notunu kalici olarak kaydeder","status":"skipped","title":"platform operasyonlari sekmesinden destek notunu kalici olarak kaydeder","failureMessages":[],"meta":{},"tags":[]},{"ancestorTitles":["AdminPage tenant governance permissions"],"fullName":"AdminPage tenant governance permissions resolved durumunda kapanis nedenini ister ve payload'a ekler","status":"skipped","title":"resolved durumunda kapanis nedenini ister ve payload'a ekler","failureMessages":[],"meta":{},"tags":[]},{"ancestorTitles":["AdminPage tenant governance permissions"],"fullName":"AdminPage tenant governance permissions platform operator icin tenant governance aksiyonlarini salt okunur gosterir","status":"passed","title":"platform operator icin tenant governance aksiyonlarini salt okunur gosterir","duration":396.10109999999986,"failureMessages":[],"meta":{},"tags":[]},{"ancestorTitles":["AdminPage tenant governance permissions"],"fullName":"AdminPage tenant governance permissions super admin icin tenant governance aksiyonlarini aktif gosterir","status":"skipped","title":"super admin icin tenant governance aksiyonlarini aktif gosterir","failureMessages":[],"meta":{},"tags":[]},{"ancestorTitles":["AdminPage tenant governance permissions"],"fullName":"AdminPage tenant governance permissions discovery lab operasyonlarinda discovery lab kartini filtreler ve detay acar","status":"skipped","title":"discovery lab operasyonlarinda discovery lab kartini filtreler ve detay acar","failureMessages":[],"meta":{},"tags":[]},{"ancestorTitles":["AdminPage tenant governance permissions"],"fullName":"AdminPage tenant governance permissions platform genel bakista deep-link odagini ortak focus banner ile gosterir","status":"passed","title":"platform genel bakista deep-link odagini ortak focus banner ile gosterir","duration":672.1336000000001,"failureMessages":[],"meta":{},"tags":[]},{"ancestorTitles":["AdminPage tenant governance permissions"],"fullName":"AdminPage tenant governance permissions platform overview project odagini projects sekmesine tasir","status":"passed","title":"platform overview project odagini projects sekmesine tasir","duration":659.7957999999999,"failureMessages":[],"meta":{},"tags":[]},{"ancestorTitles":["AdminPage tenant governance permissions"],"fullName":"AdminPage tenant governance permissions platform overview telemetry export metadata ve indirme adlarini gosterir","status":"passed","title":"platform overview telemetry export metadata ve indirme adlarini gosterir","duration":3139.7106999999996,"failureMessages":[],"meta":{},"tags":[]},{"ancestorTitles":["AdminPage tenant governance permissions"],"fullName":"AdminPage tenant governance permissions platform overview telemetry filtrelerini preset olarak kaydeder, yeniden adlandirir, siler ve geri yukler","status":"passed","title":"platform overview telemetry filtrelerini preset olarak kaydeder, yeniden adlandirir, siler ve geri yukler","duration":6525.167899999999,"failureMessages":[],"meta":{},"tags":[]},{"ancestorTitles":["AdminPage tenant governance permissions"],"fullName":"AdminPage tenant governance permissions platform overview telemetry preset paketini disa aktarir ve geri ice alir","status":"passed","title":"platform overview telemetry preset paketini disa aktarir ve geri ice alir","duration":3840.905799999997,"failureMessages":[],"meta":{},"tags":[]},{"ancestorTitles":["AdminPage tenant governance permissions"],"fullName":"AdminPage tenant governance permissions platform overview telemetry preset paketi uyumsuz versiyonu preview ve hata ile gosterir","status":"passed","title":"platform overview telemetry preset paketi uyumsuz versiyonu preview ve hata ile gosterir","duration":712.2648000000008,"failureMessages":[],"meta":{},"tags":[]},{"ancestorTitles":["AdminPage tenant governance permissions"],"fullName":"AdminPage tenant governance permissions platform overview telemetry preset preview cakisma bilgisini gosterir","status":"passed","title":"platform overview telemetry preset preview cakisma bilgisini gosterir","duration":1691.5146999999997,"failureMessages":[],"meta":{},"tags":[]},{"ancestorTitles":["AdminPage tenant governance permissions"],"fullName":"AdminPage tenant governance permissions platform overview telemetry preset preview yeni eklenecek presetleri ayri blokta gosterir","status":"passed","title":"platform overview telemetry preset preview yeni eklenecek presetleri ayri blokta gosterir","duration":372.84460000000036,"failureMessages":[],"meta":{},"tags":[]},{"ancestorTitles":["AdminPage tenant governance permissions"],"fullName":"AdminPage tenant governance permissions platform overview telemetry preset preview referans preset secimine gore aktif filtre ozetini degistirir","status":"passed","title":"platform overview telemetry preset preview referans preset secimine gore aktif filtre ozetini degistirir","duration":701.3087000000014,"failureMessages":[],"meta":{},"tags":[]},{"ancestorTitles":["AdminPage tenant governance permissions"],"fullName":"AdminPage tenant governance permissions platform overview telemetry export aksiyonlarinda hata durumlarini gosterir","status":"passed","title":"platform overview telemetry export aksiyonlarinda hata durumlarini gosterir","duration":1312.2158999999992,"failureMessages":[],"meta":{},"tags":[]},{"ancestorTitles":["AdminPage tenant governance permissions"],"fullName":"AdminPage tenant governance permissions platform overview telemetry export metadata'sina history filtrelerini ekler","status":"passed","title":"platform overview telemetry export metadata'sina history filtrelerini ekler","duration":655.2295999999988,"failureMessages":[],"meta":{},"tags":[]},{"ancestorTitles":["AdminPage tenant governance permissions"],"fullName":"AdminPage tenant governance permissions platform overview telemetry aksiyon tarihcesini localStorage'dan geri yukler","status":"passed","title":"platform overview telemetry aksiyon tarihcesini localStorage'dan geri yukler","duration":271.217099999998,"failureMessages":[],"meta":{},"tags":[]},{"ancestorTitles":["AdminPage tenant governance permissions"],"fullName":"AdminPage tenant governance permissions platform overview telemetry aksiyon tarihcesine zaman ve metin filtresi uygular","status":"passed","title":"platform overview telemetry aksiyon tarihcesine zaman ve metin filtresi uygular","duration":2678.6744,"failureMessages":[],"meta":{},"tags":[]},{"ancestorTitles":["AdminPage tenant governance permissions"],"fullName":"AdminPage tenant governance permissions platform overview telemetry aksiyon tarihcesi filtrelerini localStorage'dan geri yukler","status":"passed","title":"platform overview telemetry aksiyon tarihcesi filtrelerini localStorage'dan geri yukler","duration":585.4434999999976,"failureMessages":[],"meta":{},"tags":[]},{"ancestorTitles":["AdminPage tenant governance permissions"],"fullName":"AdminPage tenant governance permissions platform overview telemetry aksiyon tarihcesi filtrelerini query param ile geri yukler","status":"passed","title":"platform overview telemetry aksiyon tarihcesi filtrelerini query param ile geri yukler","duration":636.9041000000034,"failureMessages":[],"meta":{},"tags":[]},{"ancestorTitles":["AdminPage tenant governance permissions"],"fullName":"AdminPage tenant governance permissions telemetry aksiyon tarihcesi query filtrelerini sekmeler arasi korur","status":"passed","title":"telemetry aksiyon tarihcesi query filtrelerini sekmeler arasi korur","duration":792.1347999999998,"failureMessages":[],"meta":{},"tags":[]},{"ancestorTitles":["AdminPage tenant governance permissions"],"fullName":"AdminPage tenant governance permissions telemetry filtrelerini sekmeler arasi korur","status":"passed","title":"telemetry filtrelerini sekmeler arasi korur","duration":1145.1223000000027,"failureMessages":[],"meta":{},"tags":[]},{"ancestorTitles":["AdminPage tenant governance permissions"],"fullName":"AdminPage tenant governance permissions platform overview telemetry filtrelerini localStorage'dan geri yukler","status":"passed","title":"platform overview telemetry filtrelerini localStorage'dan geri yukler","duration":315.809500000003,"failureMessages":[],"meta":{},"tags":[]},{"ancestorTitles":["AdminPage tenant governance permissions"],"fullName":"AdminPage tenant governance permissions discovery lab operasyonlari sekmesinde tenant ve rfq bagli audit merkezini gosterir","status":"skipped","title":"discovery lab operasyonlari sekmesinde tenant ve rfq bagli audit merkezini gosterir","failureMessages":[],"meta":{},"tags":[]},{"ancestorTitles":["AdminPage tenant governance permissions"],"fullName":"AdminPage tenant governance permissions discovery lab operasyonlari sekmesi quoteFocusId ile rfq insight panelini otomatik acar","status":"skipped","title":"discovery lab operasyonlari sekmesi quoteFocusId ile rfq insight panelini otomatik acar","failureMessages":[],"meta":{},"tags":[]},{"ancestorTitles":["AdminPage tenant governance permissions"],"fullName":"AdminPage tenant governance permissions discovery lab operasyonlari sekmesi quoteInsight ile ilgili alt bolumu vurgular","status":"skipped","title":"discovery lab operasyonlari sekmesi quoteInsight ile ilgili alt bolumu vurgular","failureMessages":[],"meta":{},"tags":[]},{"ancestorTitles":["AdminPage tenant governance permissions"],"fullName":"AdminPage tenant governance permissions discovery lab operasyonlari restore toast'ini escape ile kapatir","status":"passed","title":"discovery lab operasyonlari restore toast'ini escape ile kapatir","duration":684.5858000000007,"failureMessages":[],"meta":{},"tags":[]},{"ancestorTitles":["AdminPage tenant governance permissions"],"fullName":"AdminPage tenant governance permissions discovery lab operasyonlari debug timeline filtreleri ve replay aksiyonunu calistirir","status":"skipped","title":"discovery lab operasyonlari debug timeline filtreleri ve replay aksiyonunu calistirir","failureMessages":[],"meta":{},"tags":[]},{"ancestorTitles":["AdminPage tenant governance permissions"],"fullName":"AdminPage tenant governance permissions telemetry secimi discovery lab satirini otomatik acar ve ilgili bolume kaydirir","status":"skipped","title":"telemetry secimi discovery lab satirini otomatik acar ve ilgili bolume kaydirir","failureMessages":[],"meta":{},"tags":[]},{"ancestorTitles":["AdminPage tenant governance permissions"],"fullName":"AdminPage tenant governance permissions discovery lab operasyonlari debug timeline satirlarini silebilir ve tumunu temizleyebilir","status":"passed","title":"discovery lab operasyonlari debug timeline satirlarini silebilir ve tumunu temizleyebilir","duration":822.8787000000011,"failureMessages":[],"meta":{},"tags":[]},{"ancestorTitles":["AdminPage tenant governance permissions"],"fullName":"AdminPage tenant governance permissions discovery lab operasyonlari debug timeline kayitlarini sert yenileme sonrasi geri getirir","status":"skipped","title":"discovery lab operasyonlari debug timeline kayitlarini sert yenileme sonrasi geri getirir","failureMessages":[],"meta":{},"tags":[]},{"ancestorTitles":["AdminPage tenant governance permissions"],"fullName":"AdminPage tenant governance permissions discovery lab operasyonlari restore toast'ini hover ile duraklatir","status":"passed","title":"discovery lab operasyonlari restore toast'ini hover ile duraklatir","duration":786.3209000000061,"failureMessages":[],"meta":{},"tags":[]},{"ancestorTitles":["AdminPage tenant governance permissions"],"fullName":"AdminPage tenant governance permissions discovery lab operasyonlari restore toast'inden rfq kart odagina gidebilir","status":"skipped","title":"discovery lab operasyonlari restore toast'inden rfq kart odagina gidebilir","failureMessages":[],"meta":{},"tags":[]},{"ancestorTitles":["AdminPage tenant governance permissions"],"fullName":"AdminPage tenant governance permissions discovery lab operasyonlari restore edilen rfq kartini listenin ustune tasir","status":"skipped","title":"discovery lab operasyonlari restore edilen rfq kartini listenin ustune tasir","failureMessages":[],"meta":{},"tags":[]},{"ancestorTitles":["AdminPage tenant governance permissions"],"fullName":"AdminPage tenant governance permissions discovery lab operasyonlari restore odagini sekme gecisinde korur","status":"skipped","title":"discovery lab operasyonlari restore odagini sekme gecisinde korur","failureMessages":[],"meta":{},"tags":[]},{"ancestorTitles":["AdminPage tenant governance permissions"],"fullName":"AdminPage tenant governance permissions discovery lab operasyonlari restore odagini sert yenileme sonrasi local storage'dan bir kez geri getirir","status":"skipped","title":"discovery lab operasyonlari restore odagini sert yenileme sonrasi local storage'dan bir kez geri getirir","failureMessages":[],"meta":{},"tags":[]},{"ancestorTitles":["AdminPage tenant governance permissions"],"fullName":"AdminPage tenant governance permissions discovery lab operasyonlari sekmesinde restore odagi manuel temizlenebilir","status":"skipped","title":"discovery lab operasyonlari sekmesinde restore odagi manuel temizlenebilir","failureMessages":[],"meta":{},"tags":[]},{"ancestorTitles":["AdminPage tenant governance permissions"],"fullName":"AdminPage tenant governance permissions tenant governance deep-link odagini query param ile acar","status":"passed","title":"tenant governance deep-link odagini query param ile acar","duration":210.42239999999583,"failureMessages":[],"meta":{},"tags":[]},{"ancestorTitles":["AdminPage tenant governance permissions"],"fullName":"AdminPage tenant governance permissions projects ve onboarding deep-link odagini query param ile acar","status":"passed","title":"projects ve onboarding deep-link odagini query param ile acar","duration":314.60859999999957,"failureMessages":[],"meta":{},"tags":[]},{"ancestorTitles":["AdminPage tenant governance permissions"],"fullName":"AdminPage tenant governance permissions super admin icin paket ve kullanim sekmesini gosterir","status":"skipped","title":"super admin icin paket ve kullanim sekmesini gosterir","failureMessages":[],"meta":{},"tags":[]},{"ancestorTitles":["AdminPage tenant governance permissions"],"fullName":"AdminPage tenant governance permissions failed webhook kartinda yeniden isle quick-action gosterir ve tetikler","status":"skipped","title":"failed webhook kartinda yeniden isle quick-action gosterir ve tetikler","failureMessages":[],"meta":{},"tags":[]},{"ancestorTitles":["AdminPage tenant governance permissions"],"fullName":"AdminPage tenant governance permissions raporlar sekmesinde rapor linklerini gosterir","status":"passed","title":"raporlar sekmesinde rapor linklerini gosterir","duration":396.2615000000005,"failureMessages":[],"meta":{},"tags":[]},{"ancestorTitles":["AdminPage tenant governance permissions"],"fullName":"AdminPage tenant governance permissions platform analitikleri sekmesinde backend ozet metriklerini gosterir","status":"passed","title":"platform analitikleri sekmesinde backend ozet metriklerini gosterir","duration":1008.3931999999986,"failureMessages":[],"meta":{},"tags":[]},{"ancestorTitles":["AdminPage tenant governance permissions"],"fullName":"AdminPage tenant governance permissions platform tedarikci havuzu sekmesinde listeleme ve yeni tedarikci ekleme akislarini calistirir","status":"passed","title":"platform tedarikci havuzu sekmesinde listeleme ve yeni tedarikci ekleme akislarini calistirir","duration":2753.709999999999,"failureMessages":[],"meta":{},"tags":[]},{"ancestorTitles":["AdminPage tenant governance permissions"],"fullName":"AdminPage tenant governance permissions kampanyalar ve landing sekmesinde seeded kartlari ve disabled aksiyonu gosterir","status":"passed","title":"kampanyalar ve landing sekmesinde seeded kartlari ve disabled aksiyonu gosterir","duration":1089.913800000002,"failureMessages":[],"meta":{},"tags":[]}],"startTime":1777651260391,"endTime":1777651299015.9138,"status":"passed","message":"","name":"D:/Projects/procureflow/web/src/test/admin-page-tenant-governance.test.tsx"}]}