{"numTotalTestSuites":2,"numPassedTestSuites":0,"numFailedTestSuites":2,"numPendingTestSuites":0,"numTotalTests":55,"numPassedTests":52,"numFailedTests":3,"numPendingTests":0,"numTodoTests":0,"snapshot":{"added":0,"failure":false,"filesAdded":0,"filesRemoved":0,"filesRemovedList":[],"filesUnmatched":0,"filesUpdated":0,"matched":0,"total":0,"unchecked":0,"uncheckedKeysByFile":[],"unmatched":0,"updated":0,"didUpdate":false},"startTime":1777655391182,"success":false,"testResults":[{"assertionResults":[{"ancestorTitles":["AdminPage tenant governance permissions"],"fullName":"AdminPage tenant governance permissions platform support icin tenant governance aksiyonlarini salt okunur gosterir","status":"passed","title":"platform support icin tenant governance aksiyonlarini salt okunur gosterir","duration":1208.4269000000004,"failureMessages":[],"meta":{},"tags":[]},{"ancestorTitles":["AdminPage tenant governance permissions"],"fullName":"AdminPage tenant governance permissions role-management-only kullaniciya sadece roller sekmesini gosterir","status":"passed","title":"role-management-only kullaniciya sadece roller sekmesini gosterir","duration":81.08129999999983,"failureMessages":[],"meta":{},"tags":[]},{"ancestorTitles":["AdminPage tenant governance permissions"],"fullName":"AdminPage tenant governance permissions role-management-only kullanici query param ile baska sekmeye gecemez","status":"passed","title":"role-management-only kullanici query param ile baska sekmeye gecemez","duration":60.10639999999967,"failureMessages":[],"meta":{},"tags":[]},{"ancestorTitles":["AdminPage tenant governance permissions"],"fullName":"AdminPage tenant governance permissions platform support icin platform operasyon kuyrugunu gosterir","status":"failed","title":"platform support icin platform operasyon kuyrugunu gosterir","duration":442.7956000000004,"failureMessages":["TestingLibraryElementError: Unable to find an element with the text: /marka kimligi eksik/i. This could be because the text is broken up by multiple elements. In this case, you can provide a function for your text matcher to make your matcher more flexible.\n\nIgnored nodes: comments, script, style\n\u001b[36m<body>\u001b[39m\n  \u001b[36m<div>\u001b[39m\n    \u001b[36m<div\u001b[39m\n      \u001b[33mstyle\u001b[39m=\u001b[32m\"padding: 20px; display: grid; gap: 20px;\"\u001b[39m\n    \u001b[36m>\u001b[39m\n      \u001b[36m<section\u001b[39m\n        \u001b[33mstyle\u001b[39m=\u001b[32m\"display: grid; gap: 16px;\"\u001b[39m\n      \u001b[36m>\u001b[39m\n        \u001b[36m<section\u001b[39m\n          \u001b[33mstyle\u001b[39m=\u001b[32m\"display: grid; gap: 16px;\"\u001b[39m\n        \u001b[36m>\u001b[39m\n          \u001b[36m<section\u001b[39m\n            \u001b[33mstyle\u001b[39m=\u001b[32m\"border-radius: 28px; overflow: hidden; border: 1px solid rgba(15, 23, 42, 0.08); background: white; box-shadow: 0 20px 48px rgba(15, 23, 42, 0.08);\"\u001b[39m\n          \u001b[36m>\u001b[39m\n            \u001b[36m<div\u001b[39m\n              \u001b[33mstyle\u001b[39m=\u001b[32m\"padding: 20px 24px; color: rgb(234, 242, 251); background: linear-gradient(95deg, rgba(42, 63, 103, 0.85) 0%, rgba(42, 63, 103, 0.67) 100%); display: flex; align-items: center; justify-content: space-between; gap: 16px; flex-wrap: wrap; box-shadow: 0 0 31px rgba(42, 63, 103, 0.30400000000000005);\"\u001b[39m\n            \u001b[36m>\u001b[39m\n              \u001b[36m<div\u001b[39m\n                \u001b[33mstyle\u001b[39m=\u001b[32m\"width: 120px; height: 56px; border-radius: 14px; border: 1px solid rgba(255, 255, 255, 0.22); background: rgba(7, 18, 30, 0.22); display: grid; place-items: center; flex-shrink: 0;\"\u001b[39m\n              \u001b[36m>\u001b[39m\n                \u001b[36m<img\u001b[39m\n                  \u001b[33malt\u001b[39m=\u001b[32m\"BUYER ASISTANS\"\u001b[39m\n                  \u001b[33msrc\u001b[39m=\u001b[32m\"/brand/buyer-logo-custom.svg\"\u001b[39m\n                  \u001b[33mstyle\u001b[39m=\u001b[32m\"height: 26px; max-width: 90px; filter: brightness(0) invert(1);\"\u001b[39m\n                \u001b[36m/>\u001b[39m\n              \u001b[36m</div>\u001b[39m\n              \u001b[36m<div\u001b[39m\n                \u001b[33mstyle\u001b[39m=\u001b[32m\"flex: 1 1 0%; min-width: 200px;\"\u001b[39m\n              \u001b[36m>\u001b[39m\n                \u001b[36m<div\u001b[39m\n                  \u001b[33mstyle\u001b[39m=\u001b[32m\"font-size: 12px; font-weight: 800; letter-spacing: 1.8px; text-transform: uppercase; opacity: 0.88; margin-bottom: 6px;\"\u001b[39m\n                \u001b[36m>\u001b[39m\n                  \u001b[0mPlatform\u001b[0m\n                  \u001b[0m Yönetim Alanı\u001b[0m\n                \u001b[36m</div>\u001b[39m\n                \u001b[36m<div\u001b[39m\n                  \u001b[33mstyle\u001b[39m=\u001b[32m\"font-size: 28px; font-weight: 900; line-height: 1.1;\"\u001b[39m\n                \u001b[36m>\u001b[39m\n                  \u001b[0mKullanıcı\u001b[0m\n                \u001b[36m</div>\u001b[39m\n              \u001b[36m</div>\u001b[39m\n              \u001b[36m<div\u001b[39m\n                \u001b[33mstyle\u001b[39m=\u001b[32m\"text-align: right; flex-shrink: 0;\"\u001b[39m\n              \u001b[36m>\u001b[39m\n                \u001b[36m<div\u001b[39m\n                  \u001b[33mstyle\u001b[39m=\u001b[32m\"font-size: 12px; font-weight: 700; opacity: 0.75; margin-bottom: 4px;\"\u001b[39m\n                \u001b[36m>\u001b[39m\n                  \u001b[0mHoş geldiniz\u001b[0m\n                \u001b[36m</div>\u001b[39m\n                \u001b[36m<div\u001b[39m\n                  \u001b[33mstyle\u001b[39m=\u001b[32m\"font-size: 20px; font-weight: 900;\"\u001b[39m\n                \u001b[36m>\u001b[39m\n                  \u001b[0msupport@test.com\u001b[0m\n                \u001b[36m</div>\u001b[39m\n                \u001b[36m<div\u001b[39m\n                  \u001b[33mstyle\u001b[39m=\u001b[32m\"font-size: 13px; opacity: 0.8; margin-top: 4px;\"\u001b[39m\n                \u001b[36m>\u001b[39m\n                  \u001b[0msupport@test.com\u001b[0m\n                \u001b[36m</div>\u001b[39m\n              \u001b[36m</div>\u001b[39m\n            \u001b[36m</div>\u001b[39m\n          \u001b[36m</section>\u001b[39m\n        \u001b[36m</section>\u001b[39m\n      \u001b[36m</section>\u001b[39m\n      \u001b[36m<section\u001b[39m\n        \u001b[33mstyle\u001b[39m=\u001b[32m\"border-radius: 24px; border: 1px solid rgb(229, 231, 235); background: white; padding: 16px; box-shadow: 0 10px 24px rgba(15, 23, 42, 0.05);\"\u001b[39m\n      \u001b[36m>\u001b[39m\n        \u001b[36m<div\u001b[39m\n          \u001b[33mstyle\u001b[39m=\u001b[32m\"display: flex; gap: 12px; margin-bottom: 4px; border-bottom: 2px solid rgb(229, 231, 235); padding-bottom: 12px; flex-wrap: wrap; justify-content: flex-start;\"\u001b[39m\n        \u001b[36m>\u001b[39m\n          \u001b[36m<button\u001b[39m\n            \u001b[33mdata-testid\u001b[39m=\u001b[32m\"admin-tab-panel_home\"\u001b[39m\n            \u001b[33mstyle\u001b[39m=\u001b[32m\"padding: 10px 16px; background: linear-gradient(135deg, rgb(59, 130, 246) 0%, rgb(37, 99, 235) 100%); color: white; border: 1px solid rgb(37, 99, 235); border-radius: 999px; cursor: pointer; font-weight: bold; box-shadow: 0 10px 22px rgba(37, 99, 235, 0.18); text-align: center;\"\u001b[39m\n            \u001b[33mtype\u001b[39m=\u001b[32m\"button\"\u001b[39m\n          \u001b[36m>\u001b[39m\n            \u001b[36m<span\u001b[39m\n              \u001b[33mstyle\u001b[39m=\u001b[32m\"display: inline-flex; align-items: center; gap: 8px;\"\u001b[39m\n            \u001b[36m>\u001b[39m\n              \u001b[36m<span\u001b[39m\n                \u001b[33mstyle\u001b[39m=\u001b[32m\"display: inline-flex; align-items: center; justify-content: center; width: 28px; height: 28px; border-radius: 999px; border: 1px solid rgba(255, 255, 255, 0.24); background: rgba(255, 255, 255, 0.18); flex-shrink: 0;\"\u001b[39m\n              \u001b[36m>\u001b[39m\n                \u001b[36m<svg\u001b[39m\n                  \u001b[33maria-hidden\u001b[39m=\u001b[32m\"true\"\u001b[39m\n                  \u001b[33mclass\u001b[39m=\u001b[32m\"lucide lucide-shield\"\u001b[39m\n                  \u001b[33mfill\u001b[39m=\u001b[32m\"none\"\u001b[39m\n                  \u001b[33mheight\u001b[39m=\u001b[32m\"16\"\u001b[39m\n                  \u001b[33mstroke\u001b[39m=\u001b[32m\"#ffffff\"\u001b[39m\n                  \u001b[33mstroke-linecap\u001b[39m=\u001b[32m\"round\"\u001b[39m\n                  \u001b[33mstroke-linejoin\u001b[39m=\u001b[32m\"round\"\u001b[39m\n                  \u001b[33mstroke-width\u001b[39m=\u001b[32m\"2.2\"\u001b[39m\n                  \u001b[33mviewBox\u001b[39m=\u001b[32m\"0 0 24 24\"\u001b[39m\n                  \u001b[33mwidth\u001b[39m=\u001b[32m\"16\"\u001b[39m\n                  \u001b[33mxmlns\u001b[39m=\u001b[32m\"http://www.w3.org/2000/svg\"\u001b[39m\n                \u001b[36m>\u001b[39m\n                  \u001b[36m<path\u001b[39m\n                    \u001b[33md\u001b[39m=\u001b[32m\"M20 13c0 5-3.5 7.5-7.66 8.95a1 1 0 0 1-.67-.01C7.5 20.5 4 18 4 13V6a1 1 0 0 1 1-1c2 0 4.5-1.2 6.24-2.72a1.17 1.17 0 0 1 1.52 0C14.51 3.81 17 5 19 5a1 1 0 0 1 1 1z\"\u001b[39m\n                  \u001b[36m/>\u001b[39m\n                \u001b[36m</svg>\u001b[39m\n              \u001b[36m</span>\u001b[39m\n              \u001b[36m<span>\u001b[39m\n                \u001b[0mPanel Ana Sayfa\u001b[0m\n              \u001b[36m</span>\u001b[39m\n            \u001b[36m</span>\u001b[39m\n          \u001b[36m</button>\u001b[39m\n          \u001b[36m<button\u001b[39m\n            \u001b[33mdata-testid\u001b[39m=\u001b[32m\"admin-tab-platform_operations\"\u001b[39m\n            \u001b[33mstyle\u001b[39m=\u001b[32m\"padding: 10px 16px; background: rgb(248, 250, 252); color: rgb(51, 65, 85); border: 1px solid rgb(219, 227, 238); border-radius: 999px; cursor: pointer; font-weight: 600; box-shadow: 0 4px 10px rgba(15, 23, 42, 0.05); text-align: center;\"\u001b[39m\n            \u001b[33mtype\u001b[39m=\u001b[32m\"button\"\u001b[39m\n          \u001b[36m>\u001b[39m\n            \u001b[36m<span\u001b[39m\n              \u001b[33mstyle\u001b[39m=\u001b[32m\"display: inline-flex; align-items: center; gap: 8px;\"\u001b[39m\n            \u001b[36m>\u001b[39m\n              \u001b[36m<span\u001b[39m\n                \u001b[33mstyle\u001b[39m=\u001b[32m\"display: inline-flex; align-items: center; justify-content: center; width: 28px; height: 28px; border-radius: 999px; border: 1px solid rgb(219, 227, 238); background: rgb(255, 255, 255); flex-shrink: 0;\"\u001b[39m\n              \u001b[36m>\u001b[39m\n                \u001b[36m<svg\u001b[39m\n                  \u001b[33maria-hidden\u001b[39m=\u001b[32m\"true\"\u001b[39m\n                  \u001b[33mclass\u001b[39m=\u001b[32m\"lucide lucide-wrench\"\u001b[39m\n                  \u001b[33mfill\u001b[39m=\u001b[32m\"no...\n    at Object.getElementError (D:\\Projects\\procureflow\\web\\node_modules\\@testing-library\\dom\\dist\\config.js:37:19)\n    at D:\\Projects\\procureflow\\web\\node_modules\\@testing-library\\dom\\dist\\query-helpers.js:76:38\n    at D:\\Projects\\procureflow\\web\\node_modules\\@testing-library\\dom\\dist\\query-helpers.js:109:15\n    at D:/Projects/procureflow/web/src/test/admin-page-tenant-governance.test.tsx:909:19\n    at file:///D:/Projects/procureflow/web/node_modules/@vitest/runner/dist/chunk-artifact.js:1893:20"],"meta":{},"tags":[]},{"ancestorTitles":["AdminPage tenant governance permissions"],"fullName":"AdminPage tenant governance permissions platform support icin ayri platform operasyonlari sekmesini gosterir","status":"passed","title":"platform support icin ayri platform operasyonlari sekmesini gosterir","duration":253.96680000000015,"failureMessages":[],"meta":{},"tags":[]},{"ancestorTitles":["AdminPage tenant governance permissions"],"fullName":"AdminPage tenant governance permissions platform support icin onboarding studio sekmesini gosterir","status":"passed","title":"platform support icin onboarding studio sekmesini gosterir","duration":233.90200000000004,"failureMessages":[],"meta":{},"tags":[]},{"ancestorTitles":["AdminPage tenant governance permissions"],"fullName":"AdminPage tenant governance permissions super admin onboarding studio hizli baslangictan tenant formunu doldurur","status":"passed","title":"super admin onboarding studio hizli baslangictan tenant formunu doldurur","duration":1103.1521999999995,"failureMessages":[],"meta":{},"tags":[]},{"ancestorTitles":["AdminPage tenant governance permissions"],"fullName":"AdminPage tenant governance permissions super admin onboarding studio icinden taslak tenant olusturur","status":"passed","title":"super admin onboarding studio icinden taslak tenant olusturur","duration":862.2615999999998,"failureMessages":[],"meta":{},"tags":[]},{"ancestorTitles":["AdminPage tenant governance permissions"],"fullName":"AdminPage tenant governance permissions platform operasyonlari sekmesinde destek workflow alanlarini gosterir","status":"passed","title":"platform operasyonlari sekmesinde destek workflow alanlarini gosterir","duration":1629.910899999999,"failureMessages":[],"meta":{},"tags":[]},{"ancestorTitles":["AdminPage tenant governance permissions"],"fullName":"AdminPage tenant governance permissions platform operasyonlari sekmesinde destek durumu sayaçlari ve filtreleri calisir","status":"passed","title":"platform operasyonlari sekmesinde destek durumu sayaçlari ve filtreleri calisir","duration":1330.580399999999,"failureMessages":[],"meta":{},"tags":[]},{"ancestorTitles":["AdminPage tenant governance permissions"],"fullName":"AdminPage tenant governance permissions platform operasyonlari sekmesinden destek notunu kalici olarak kaydeder","status":"passed","title":"platform operasyonlari sekmesinden destek notunu kalici olarak kaydeder","duration":2397.8724,"failureMessages":[],"meta":{},"tags":[]},{"ancestorTitles":["AdminPage tenant governance permissions"],"fullName":"AdminPage tenant governance permissions resolved durumunda kapanis nedenini ister ve payload'a ekler","status":"passed","title":"resolved durumunda kapanis nedenini ister ve payload'a ekler","duration":1770.8546000000006,"failureMessages":[],"meta":{},"tags":[]},{"ancestorTitles":["AdminPage tenant governance permissions"],"fullName":"AdminPage tenant governance permissions platform operator icin tenant governance aksiyonlarini salt okunur gosterir","status":"passed","title":"platform operator icin tenant governance aksiyonlarini salt okunur gosterir","duration":502.97379999999976,"failureMessages":[],"meta":{},"tags":[]},{"ancestorTitles":["AdminPage tenant governance permissions"],"fullName":"AdminPage tenant governance permissions super admin icin tenant governance aksiyonlarini aktif gosterir","status":"passed","title":"super admin icin tenant governance aksiyonlarini aktif gosterir","duration":1398.0144000000018,"failureMessages":[],"meta":{},"tags":[]},{"ancestorTitles":["AdminPage tenant governance permissions"],"fullName":"AdminPage tenant governance permissions discovery lab operasyonlarinda discovery lab kartini filtreler ve detay acar","status":"failed","title":"discovery lab operasyonlarinda discovery lab kartini filtreler ve detay acar","duration":191.4366000000009,"failureMessages":["TestingLibraryElementError: Unable to find a label with the text of: /discovery lab proje filtresi/i\n\nIgnored nodes: comments, script, style\n\u001b[36m<body>\u001b[39m\n  \u001b[36m<div>\u001b[39m\n    \u001b[36m<div\u001b[39m\n      \u001b[33mstyle\u001b[39m=\u001b[32m\"padding: 20px; display: grid; gap: 20px;\"\u001b[39m\n    \u001b[36m>\u001b[39m\n      \u001b[36m<section\u001b[39m\n        \u001b[33mstyle\u001b[39m=\u001b[32m\"border-radius: 24px; border: 1px solid rgb(229, 231, 235); background: white; padding: 16px; box-shadow: 0 10px 24px rgba(15, 23, 42, 0.05);\"\u001b[39m\n      \u001b[36m>\u001b[39m\n        \u001b[36m<div\u001b[39m\n          \u001b[33mstyle\u001b[39m=\u001b[32m\"display: flex; gap: 12px; margin-bottom: 4px; border-bottom: 2px solid rgb(229, 231, 235); padding-bottom: 12px; flex-wrap: wrap; justify-content: flex-start;\"\u001b[39m\n        \u001b[36m>\u001b[39m\n          \u001b[36m<button\u001b[39m\n            \u001b[33mdata-testid\u001b[39m=\u001b[32m\"admin-tab-panel_home\"\u001b[39m\n            \u001b[33mstyle\u001b[39m=\u001b[32m\"padding: 10px 16px; background: rgb(248, 250, 252); color: rgb(51, 65, 85); border: 1px solid rgb(219, 227, 238); border-radius: 999px; cursor: pointer; font-weight: 600; box-shadow: 0 4px 10px rgba(15, 23, 42, 0.05); text-align: center;\"\u001b[39m\n            \u001b[33mtype\u001b[39m=\u001b[32m\"button\"\u001b[39m\n          \u001b[36m>\u001b[39m\n            \u001b[36m<span\u001b[39m\n              \u001b[33mstyle\u001b[39m=\u001b[32m\"display: inline-flex; align-items: center; gap: 8px;\"\u001b[39m\n            \u001b[36m>\u001b[39m\n              \u001b[36m<span\u001b[39m\n                \u001b[33mstyle\u001b[39m=\u001b[32m\"display: inline-flex; align-items: center; justify-content: center; width: 28px; height: 28px; border-radius: 999px; border: 1px solid rgb(219, 227, 238); background: rgb(255, 255, 255); flex-shrink: 0;\"\u001b[39m\n              \u001b[36m>\u001b[39m\n                \u001b[36m<svg\u001b[39m\n                  \u001b[33maria-hidden\u001b[39m=\u001b[32m\"true\"\u001b[39m\n                  \u001b[33mclass\u001b[39m=\u001b[32m\"lucide lucide-shield\"\u001b[39m\n                  \u001b[33mfill\u001b[39m=\u001b[32m\"none\"\u001b[39m\n                  \u001b[33mheight\u001b[39m=\u001b[32m\"16\"\u001b[39m\n                  \u001b[33mstroke\u001b[39m=\u001b[32m\"#334155\"\u001b[39m\n                  \u001b[33mstroke-linecap\u001b[39m=\u001b[32m\"round\"\u001b[39m\n                  \u001b[33mstroke-linejoin\u001b[39m=\u001b[32m\"round\"\u001b[39m\n                  \u001b[33mstroke-width\u001b[39m=\u001b[32m\"2.2\"\u001b[39m\n                  \u001b[33mviewBox\u001b[39m=\u001b[32m\"0 0 24 24\"\u001b[39m\n                  \u001b[33mwidth\u001b[39m=\u001b[32m\"16\"\u001b[39m\n                  \u001b[33mxmlns\u001b[39m=\u001b[32m\"http://www.w3.org/2000/svg\"\u001b[39m\n                \u001b[36m>\u001b[39m\n                  \u001b[36m<path\u001b[39m\n                    \u001b[33md\u001b[39m=\u001b[32m\"M20 13c0 5-3.5 7.5-7.66 8.95a1 1 0 0 1-.67-.01C7.5 20.5 4 18 4 13V6a1 1 0 0 1 1-1c2 0 4.5-1.2 6.24-2.72a1.17 1.17 0 0 1 1.52 0C14.51 3.81 17 5 19 5a1 1 0 0 1 1 1z\"\u001b[39m\n                  \u001b[36m/>\u001b[39m\n                \u001b[36m</svg>\u001b[39m\n              \u001b[36m</span>\u001b[39m\n              \u001b[36m<span>\u001b[39m\n                \u001b[0mPanel Ana Sayfa\u001b[0m\n              \u001b[36m</span>\u001b[39m\n            \u001b[36m</span>\u001b[39m\n          \u001b[36m</button>\u001b[39m\n          \u001b[36m<button\u001b[39m\n            \u001b[33mdata-testid\u001b[39m=\u001b[32m\"admin-tab-platform_operations\"\u001b[39m\n            \u001b[33mstyle\u001b[39m=\u001b[32m\"padding: 10px 16px; background: rgb(248, 250, 252); color: rgb(51, 65, 85); border: 1px solid rgb(219, 227, 238); border-radius: 999px; cursor: pointer; font-weight: 600; box-shadow: 0 4px 10px rgba(15, 23, 42, 0.05); text-align: center;\"\u001b[39m\n            \u001b[33mtype\u001b[39m=\u001b[32m\"button\"\u001b[39m\n          \u001b[36m>\u001b[39m\n            \u001b[36m<span\u001b[39m\n              \u001b[33mstyle\u001b[39m=\u001b[32m\"display: inline-flex; align-items: center; gap: 8px;\"\u001b[39m\n            \u001b[36m>\u001b[39m\n              \u001b[36m<span\u001b[39m\n                \u001b[33mstyle\u001b[39m=\u001b[32m\"display: inline-flex; align-items: center; justify-content: center; width: 28px; height: 28px; border-radius: 999px; border: 1px solid rgb(219, 227, 238); background: rgb(255, 255, 255); flex-shrink: 0;\"\u001b[39m\n              \u001b[36m>\u001b[39m\n                \u001b[36m<svg\u001b[39m\n                  \u001b[33maria-hidden\u001b[39m=\u001b[32m\"true\"\u001b[39m\n                  \u001b[33mclass\u001b[39m=\u001b[32m\"lucide lucide-wrench\"\u001b[39m\n                  \u001b[33mfill\u001b[39m=\u001b[32m\"none\"\u001b[39m\n                  \u001b[33mheight\u001b[39m=\u001b[32m\"16\"\u001b[39m\n                  \u001b[33mstroke\u001b[39m=\u001b[32m\"#334155\"\u001b[39m\n                  \u001b[33mstroke-linecap\u001b[39m=\u001b[32m\"round\"\u001b[39m\n                  \u001b[33mstroke-linejoin\u001b[39m=\u001b[32m\"round\"\u001b[39m\n                  \u001b[33mstroke-width\u001b[39m=\u001b[32m\"2.2\"\u001b[39m\n                  \u001b[33mviewBox\u001b[39m=\u001b[32m\"0 0 24 24\"\u001b[39m\n                  \u001b[33mwidth\u001b[39m=\u001b[32m\"16\"\u001b[39m\n                  \u001b[33mxmlns\u001b[39m=\u001b[32m\"http://www.w3.org/2000/svg\"\u001b[39m\n                \u001b[36m>\u001b[39m\n                  \u001b[36m<path\u001b[39m\n                    \u001b[33md\u001b[39m=\u001b[32m\"M14.7 6.3a1 1 0 0 0 0 1.4l1.6 1.6a1 1 0 0 0 1.4 0l3.106-3.105c.32-.322.863-.22.983.218a6 6 0 0 1-8.259 7.057l-7.91 7.91a1 1 0 0 1-2.999-3l7.91-7.91a6 6 0 0 1 7.057-8.259c.438.12.54.662.219.984z\"\u001b[39m\n                  \u001b[36m/>\u001b[39m\n                \u001b[36m</svg>\u001b[39m\n              \u001b[36m</span>\u001b[39m\n              \u001b[36m<span>\u001b[39m\n                \u001b[0mPlatform Operasyonlari\u001b[0m\n              \u001b[36m</span>\u001b[39m\n            \u001b[36m</span>\u001b[39m\n          \u001b[36m</button>\u001b[39m\n          \u001b[36m<button\u001b[39m\n            \u001b[33mdata-testid\u001b[39m=\u001b[32m\"admin-tab-discovery_lab_operations\"\u001b[39m\n            \u001b[33mstyle\u001b[39m=\u001b[32m\"padding: 10px 16px; background: linear-gradient(135deg, rgb(59, 130, 246) 0%, rgb(37, 99, 235) 100%); color: white; border: 1px solid rgb(37, 99, 235); border-radius: 999px; cursor: pointer; font-weight: bold; box-shadow: 0 10px 22px rgba(37, 99, 235, 0.18); text-align: center;\"\u001b[39m\n            \u001b[33mtype\u001b[39m=\u001b[32m\"button\"\u001b[39m\n          \u001b[36m>\u001b[39m\n            \u001b[36m<span\u001b[39m\n              \u001b[33mstyle\u001b[39m=\u001b[32m\"display: inline-flex; align-items: center; gap: 8px;\"\u001b[39m\n            \u001b[36m>\u001b[39m\n              \u001b[36m<span\u001b[39m\n                \u001b[33mstyle\u001b[39m=\u001b[32m\"display: inline-flex; align-items: center; justify-content: center; width: 28px; height: 28px; border-radius: 999px; border: 1px solid rgba(255, 255, 255, 0.24); background: rgba(255, 255, 255, 0.18); flex-shrink: 0;\"\u001b[39m\n              \u001b[36m>\u001b[39m\n                \u001b[36m<svg\u001b[39m\n                  \u001b[33maria-hidden\u001b[39m=\u001b[32m\"true\"\u001b[39m\n                  \u001b[33mclass\u001b[39m=\u001b[32m\"lucide lucide-flask-conical\"\u001b[39m\n                  \u001b[33mfill\u001b[39m=\u001b[32m\"none\"\u001b[39m\n                  \u001b[33mheight\u001b[39m=\u001b[32m\"16\"\u001b[39m\n                  \u001b[33mstroke\u001b[39m=\u001b[32m\"#ffffff\"\u001b[39m\n                  \u001b[33mstroke-linecap\u001b[39m=\u001b[32m\"round\"\u001b[39m\n                  \u001b[33mstroke-linejoin\u001b[39m=\u001b[32m\"round\"\u001b[39m\n                  \u001b[33mstroke-width\u001b[39m=\u001b[32m\"2.2\"\u001b[39m\n                  \u001b[33mviewBox\u001b[39m=\u001b[32m\"0 0 24 24\"\u001b[39m\n                  \u001b[33mwidth\u001b[39m=\u001b[32m\"16\"\u001b[39m\n                  \u001b[33mxmlns\u001b[39m=\u001b[32m\"http://www.w3.org/2000/svg\"\u001b[39m\n                \u001b[36m>\u001b[39m\n                  \u001b[36m<path\u001b[39m\n                    \u001b[33md\u001b[39m=\u001b[32m\"M14 2v6a2 2 0 0 0 .245.96l5.51 10.08A2 2 0 0 1 18 22H6a2 2 0 0 1-1.755-2.96l5.51-10.08A2 2 0 0 0 10 8V2\"\u001b[39m\n                  \u001b[36m/>\u001b[39m\n                  \u001b[36m<path\u001b[39m\n                    \u001b[33md\u001b[39m=\u001b[32m\"M6.453 15h11.094\"\u001b[39m\n                  \u001b[36m/>\u001b[39m\n                  \u001b[36m<path\u001b[39m\n                    \u001b[33md\u001b[39m=\u001b[32m\"M8.5 2h7\"\u001b[39m\n                  \u001b[36m/>\u001b[39m\n                \u001b[36m</svg>\u001b[39m\n              \u001b...\n    at Object.getElementError (D:\\Projects\\procureflow\\web\\node_modules\\@testing-library\\dom\\dist\\config.js:37:19)\n    at getAllByLabelText (D:\\Projects\\procureflow\\web\\node_modules\\@testing-library\\dom\\dist\\queries\\label-text.js:111:38)\n    at D:\\Projects\\procureflow\\web\\node_modules\\@testing-library\\dom\\dist\\query-helpers.js:52:17\n    at D:\\Projects\\procureflow\\web\\node_modules\\@testing-library\\dom\\dist\\query-helpers.js:95:19\n    at D:/Projects/procureflow/web/src/test/admin-page-tenant-governance.test.tsx:1184:29\n    at file:///D:/Projects/procureflow/web/node_modules/@vitest/runner/dist/chunk-artifact.js:1893:20"],"meta":{},"tags":[]},{"ancestorTitles":["AdminPage tenant governance permissions"],"fullName":"AdminPage tenant governance permissions platform genel bakista deep-link odagini ortak focus banner ile gosterir","status":"passed","title":"platform genel bakista deep-link odagini ortak focus banner ile gosterir","duration":862.7991000000002,"failureMessages":[],"meta":{},"tags":[]},{"ancestorTitles":["AdminPage tenant governance permissions"],"fullName":"AdminPage tenant governance permissions platform overview project odagini projects sekmesine tasir","status":"passed","title":"platform overview project odagini projects sekmesine tasir","duration":861.8558000000012,"failureMessages":[],"meta":{},"tags":[]},{"ancestorTitles":["AdminPage tenant governance permissions"],"fullName":"AdminPage tenant governance permissions platform overview telemetry export metadata ve indirme adlarini gosterir","status":"passed","title":"platform overview telemetry export metadata ve indirme adlarini gosterir","duration":3826.4696000000004,"failureMessages":[],"meta":{},"tags":[]},{"ancestorTitles":["AdminPage tenant governance permissions"],"fullName":"AdminPage tenant governance permissions platform overview telemetry filtrelerini preset olarak kaydeder, yeniden adlandirir, siler ve geri yukler","status":"passed","title":"platform overview telemetry filtrelerini preset olarak kaydeder, yeniden adlandirir, siler ve geri yukler","duration":7170.6142,"failureMessages":[],"meta":{},"tags":[]},{"ancestorTitles":["AdminPage tenant governance permissions"],"fullName":"AdminPage tenant governance permissions platform overview telemetry preset paketini disa aktarir ve geri ice alir","status":"passed","title":"platform overview telemetry preset paketini disa aktarir ve geri ice alir","duration":4561.5035000000025,"failureMessages":[],"meta":{},"tags":[]},{"ancestorTitles":["AdminPage tenant governance permissions"],"fullName":"AdminPage tenant governance permissions platform overview telemetry preset paketi uyumsuz versiyonu preview ve hata ile gosterir","status":"passed","title":"platform overview telemetry preset paketi uyumsuz versiyonu preview ve hata ile gosterir","duration":790.6172000000006,"failureMessages":[],"meta":{},"tags":[]},{"ancestorTitles":["AdminPage tenant governance permissions"],"fullName":"AdminPage tenant governance permissions platform overview telemetry preset preview cakisma bilgisini gosterir","status":"passed","title":"platform overview telemetry preset preview cakisma bilgisini gosterir","duration":1767.0704000000042,"failureMessages":[],"meta":{},"tags":[]},{"ancestorTitles":["AdminPage tenant governance permissions"],"fullName":"AdminPage tenant governance permissions platform overview telemetry preset preview yeni eklenecek presetleri ayri blokta gosterir","status":"passed","title":"platform overview telemetry preset preview yeni eklenecek presetleri ayri blokta gosterir","duration":368.07020000000193,"failureMessages":[],"meta":{},"tags":[]},{"ancestorTitles":["AdminPage tenant governance permissions"],"fullName":"AdminPage tenant governance permissions platform overview telemetry preset preview referans preset secimine gore aktif filtre ozetini degistirir","status":"passed","title":"platform overview telemetry preset preview referans preset secimine gore aktif filtre ozetini degistirir","duration":725.3179999999993,"failureMessages":[],"meta":{},"tags":[]},{"ancestorTitles":["AdminPage tenant governance permissions"],"fullName":"AdminPage tenant governance permissions platform overview telemetry export aksiyonlarinda hata durumlarini gosterir","status":"passed","title":"platform overview telemetry export aksiyonlarinda hata durumlarini gosterir","duration":1577.8588999999993,"failureMessages":[],"meta":{},"tags":[]},{"ancestorTitles":["AdminPage tenant governance permissions"],"fullName":"AdminPage tenant governance permissions platform overview telemetry export metadata'sina history filtrelerini ekler","status":"passed","title":"platform overview telemetry export metadata'sina history filtrelerini ekler","duration":768.9138000000021,"failureMessages":[],"meta":{},"tags":[]},{"ancestorTitles":["AdminPage tenant governance permissions"],"fullName":"AdminPage tenant governance permissions platform overview telemetry aksiyon tarihcesini localStorage'dan geri yukler","status":"passed","title":"platform overview telemetry aksiyon tarihcesini localStorage'dan geri yukler","duration":300.33320000000094,"failureMessages":[],"meta":{},"tags":[]},{"ancestorTitles":["AdminPage tenant governance permissions"],"fullName":"AdminPage tenant governance permissions platform overview telemetry aksiyon tarihcesine zaman ve metin filtresi uygular","status":"passed","title":"platform overview telemetry aksiyon tarihcesine zaman ve metin filtresi uygular","duration":3091.4867000000013,"failureMessages":[],"meta":{},"tags":[]},{"ancestorTitles":["AdminPage tenant governance permissions"],"fullName":"AdminPage tenant governance permissions platform overview telemetry aksiyon tarihcesi filtrelerini localStorage'dan geri yukler","status":"passed","title":"platform overview telemetry aksiyon tarihcesi filtrelerini localStorage'dan geri yukler","duration":648.1733000000022,"failureMessages":[],"meta":{},"tags":[]},{"ancestorTitles":["AdminPage tenant governance permissions"],"fullName":"AdminPage tenant governance permissions platform overview telemetry aksiyon tarihcesi filtrelerini query param ile geri yukler","status":"passed","title":"platform overview telemetry aksiyon tarihcesi filtrelerini query param ile geri yukler","duration":675.9426000000021,"failureMessages":[],"meta":{},"tags":[]},{"ancestorTitles":["AdminPage tenant governance permissions"],"fullName":"AdminPage tenant governance permissions telemetry aksiyon tarihcesi query filtrelerini sekmeler arasi korur","status":"passed","title":"telemetry aksiyon tarihcesi query filtrelerini sekmeler arasi korur","duration":822.3204000000042,"failureMessages":[],"meta":{},"tags":[]},{"ancestorTitles":["AdminPage tenant governance permissions"],"fullName":"AdminPage tenant governance permissions telemetry filtrelerini sekmeler arasi korur","status":"passed","title":"telemetry filtrelerini sekmeler arasi korur","duration":1551.5771000000022,"failureMessages":[],"meta":{},"tags":[]},{"ancestorTitles":["AdminPage tenant governance permissions"],"fullName":"AdminPage tenant governance permissions platform overview telemetry filtrelerini localStorage'dan geri yukler","status":"passed","title":"platform overview telemetry filtrelerini localStorage'dan geri yukler","duration":251.84819999999308,"failureMessages":[],"meta":{},"tags":[]},{"ancestorTitles":["AdminPage tenant governance permissions"],"fullName":"AdminPage tenant governance permissions discovery lab operasyonlari sekmesinde tenant ve rfq bagli audit merkezini gosterir","status":"passed","title":"discovery lab operasyonlari sekmesinde tenant ve rfq bagli audit merkezini gosterir","duration":1172.0162999999957,"failureMessages":[],"meta":{},"tags":[]},{"ancestorTitles":["AdminPage tenant governance permissions"],"fullName":"AdminPage tenant governance permissions discovery lab operasyonlari sekmesi quoteFocusId ile rfq insight panelini otomatik acar","status":"passed","title":"discovery lab operasyonlari sekmesi quoteFocusId ile rfq insight panelini otomatik acar","duration":158.91709999999875,"failureMessages":[],"meta":{},"tags":[]},{"ancestorTitles":["AdminPage tenant governance permissions"],"fullName":"AdminPage tenant governance permissions discovery lab operasyonlari sekmesi quoteInsight ile ilgili alt bolumu vurgular","status":"passed","title":"discovery lab operasyonlari sekmesi quoteInsight ile ilgili alt bolumu vurgular","duration":425.83750000000146,"failureMessages":[],"meta":{},"tags":[]},{"ancestorTitles":["AdminPage tenant governance permissions"],"fullName":"AdminPage tenant governance permissions discovery lab operasyonlari restore toast'ini escape ile kapatir","status":"passed","title":"discovery lab operasyonlari restore toast'ini escape ile kapatir","duration":457.558100000002,"failureMessages":[],"meta":{},"tags":[]},{"ancestorTitles":["AdminPage tenant governance permissions"],"fullName":"AdminPage tenant governance permissions discovery lab operasyonlari debug timeline filtreleri ve replay aksiyonunu calistirir","status":"passed","title":"discovery lab operasyonlari debug timeline filtreleri ve replay aksiyonunu calistirir","duration":3555.6045000000013,"failureMessages":[],"meta":{},"tags":[]},{"ancestorTitles":["AdminPage tenant governance permissions"],"fullName":"AdminPage tenant governance permissions telemetry secimi discovery lab satirini otomatik acar ve ilgili bolume kaydirir","status":"passed","title":"telemetry secimi discovery lab satirini otomatik acar ve ilgili bolume kaydirir","duration":5131.569900000002,"failureMessages":[],"meta":{},"tags":[]},{"ancestorTitles":["AdminPage tenant governance permissions"],"fullName":"AdminPage tenant governance permissions discovery lab operasyonlari debug timeline satirlarini silebilir ve tumunu temizleyebilir","status":"passed","title":"discovery lab operasyonlari debug timeline satirlarini silebilir ve tumunu temizleyebilir","duration":597.908500000005,"failureMessages":[],"meta":{},"tags":[]},{"ancestorTitles":["AdminPage tenant governance permissions"],"fullName":"AdminPage tenant governance permissions discovery lab operasyonlari debug timeline kayitlarini sert yenileme sonrasi geri getirir","status":"passed","title":"discovery lab operasyonlari debug timeline kayitlarini sert yenileme sonrasi geri getirir","duration":751.4475999999995,"failureMessages":[],"meta":{},"tags":[]},{"ancestorTitles":["AdminPage tenant governance permissions"],"fullName":"AdminPage tenant governance permissions discovery lab operasyonlari restore toast'ini hover ile duraklatir","status":"passed","title":"discovery lab operasyonlari restore toast'ini hover ile duraklatir","duration":634.797599999998,"failureMessages":[],"meta":{},"tags":[]},{"ancestorTitles":["AdminPage tenant governance permissions"],"fullName":"AdminPage tenant governance permissions discovery lab operasyonlari restore toast'inden rfq kart odagina gidebilir","status":"passed","title":"discovery lab operasyonlari restore toast'inden rfq kart odagina gidebilir","duration":774.0854000000036,"failureMessages":[],"meta":{},"tags":[]},{"ancestorTitles":["AdminPage tenant governance permissions"],"fullName":"AdminPage tenant governance permissions discovery lab operasyonlari restore edilen rfq kartini listenin ustune tasir","status":"passed","title":"discovery lab operasyonlari restore edilen rfq kartini listenin ustune tasir","duration":316.33669999999984,"failureMessages":[],"meta":{},"tags":[]},{"ancestorTitles":["AdminPage tenant governance permissions"],"fullName":"AdminPage tenant governance permissions discovery lab operasyonlari restore odagini sekme gecisinde korur","status":"passed","title":"discovery lab operasyonlari restore odagini sekme gecisinde korur","duration":2023.8242000000027,"failureMessages":[],"meta":{},"tags":[]},{"ancestorTitles":["AdminPage tenant governance permissions"],"fullName":"AdminPage tenant governance permissions discovery lab operasyonlari restore odagini sert yenileme sonrasi local storage'dan bir kez geri getirir","status":"passed","title":"discovery lab operasyonlari restore odagini sert yenileme sonrasi local storage'dan bir kez geri getirir","duration":1053.2395999999935,"failureMessages":[],"meta":{},"tags":[]},{"ancestorTitles":["AdminPage tenant governance permissions"],"fullName":"AdminPage tenant governance permissions discovery lab operasyonlari sekmesinde restore odagi manuel temizlenebilir","status":"passed","title":"discovery lab operasyonlari sekmesinde restore odagi manuel temizlenebilir","duration":1172.676400000004,"failureMessages":[],"meta":{},"tags":[]},{"ancestorTitles":["AdminPage tenant governance permissions"],"fullName":"AdminPage tenant governance permissions tenant governance deep-link odagini query param ile acar","status":"passed","title":"tenant governance deep-link odagini query param ile acar","duration":300.5027999999875,"failureMessages":[],"meta":{},"tags":[]},{"ancestorTitles":["AdminPage tenant governance permissions"],"fullName":"AdminPage tenant governance permissions projects ve onboarding deep-link odagini query param ile acar","status":"passed","title":"projects ve onboarding deep-link odagini query param ile acar","duration":351.3880000000063,"failureMessages":[],"meta":{},"tags":[]},{"ancestorTitles":["AdminPage tenant governance permissions"],"fullName":"AdminPage tenant governance permissions super admin icin paket ve kullanim sekmesini gosterir","status":"passed","title":"super admin icin paket ve kullanim sekmesini gosterir","duration":8788.421100000007,"failureMessages":[],"meta":{},"tags":[]},{"ancestorTitles":["AdminPage tenant governance permissions"],"fullName":"AdminPage tenant governance permissions failed webhook kartinda yeniden isle quick-action gosterir ve tetikler","status":"failed","title":"failed webhook kartinda yeniden isle quick-action gosterir ve tetikler","duration":10249.916500000007,"failureMessages":["Error: Found multiple elements with the text: /mock processing error/i\n\nHere are the matching elements:\n\nIgnored nodes: comments, script, style\n\u001b[36m<div\u001b[39m\n  \u001b[33mstyle\u001b[39m=\u001b[32m\"color: rgb(127, 29, 29); font-size: 13px;\"\u001b[39m\n\u001b[36m>\u001b[39m\n  \u001b[0msubscription.updated\u001b[0m\n  \u001b[0m ○ \u001b[0m\n  \u001b[0mmock processing error\u001b[0m\n\u001b[36m</div>\u001b[39m\n\nIgnored nodes: comments, script, style\n\u001b[36m<div\u001b[39m\n  \u001b[33mstyle\u001b[39m=\u001b[32m\"color: rgb(153, 27, 27); font-size: 12px;\"\u001b[39m\n\u001b[36m>\u001b[39m\n  \u001b[0mHata: \u001b[0m\n  \u001b[0mmock processing error\u001b[0m\n\u001b[36m</div>\u001b[39m\n\n(If this is intentional, then use the `*AllBy*` variant of the query (like `queryAllByText`, `getAllByText`, or `findAllByText`)).\n\nIgnored nodes: comments, script, style\n\u001b[36m<body>\u001b[39m\n  \u001b[36m<div>\u001b[39m\n    \u001b[36m<div\u001b[39m\n      \u001b[33mstyle\u001b[39m=\u001b[32m\"padding: 20px; display: grid; gap: 20px;\"\u001b[39m\n    \u001b[36m>\u001b[39m\n      \u001b[36m<section\u001b[39m\n        \u001b[33mstyle\u001b[39m=\u001b[32m\"border-radius: 24px; border: 1px solid rgb(229, 231, 235); background: white; padding: 16px; box-shadow: 0 10px 24px rgba(15, 23, 42, 0.05);\"\u001b[39m\n      \u001b[36m>\u001b[39m\n        \u001b[36m<div\u001b[39m\n          \u001b[33mstyle\u001b[39m=\u001b[32m\"display: flex; gap: 12px; margin-bottom: 4px; border-bottom: 2px solid rgb(229, 231, 235); padding-bottom: 12px; flex-wrap: wrap; justify-content: flex-start;\"\u001b[39m\n        \u001b[36m>\u001b[39m\n          \u001b[36m<button\u001b[39m\n            \u001b[33mdata-testid\u001b[39m=\u001b[32m\"admin-tab-panel_home\"\u001b[39m\n            \u001b[33mstyle\u001b[39m=\u001b[32m\"padding: 10px 16px; background: rgb(248, 250, 252); color: rgb(51, 65, 85); border: 1px solid rgb(219, 227, 238); border-radius: 999px; cursor: pointer; font-weight: 600; box-shadow: 0 4px 10px rgba(15, 23, 42, 0.05); text-align: center;\"\u001b[39m\n            \u001b[33mtype\u001b[39m=\u001b[32m\"button\"\u001b[39m\n          \u001b[36m>\u001b[39m\n            \u001b[36m<span\u001b[39m\n              \u001b[33mstyle\u001b[39m=\u001b[32m\"display: inline-flex; align-items: center; gap: 8px;\"\u001b[39m\n            \u001b[36m>\u001b[39m\n              \u001b[36m<span\u001b[39m\n                \u001b[33mstyle\u001b[39m=\u001b[32m\"display: inline-flex; align-items: center; justify-content: center; width: 28px; height: 28px; border-radius: 999px; border: 1px solid rgb(219, 227, 238); background: rgb(255, 255, 255); flex-shrink: 0;\"\u001b[39m\n              \u001b[36m>\u001b[39m\n                \u001b[36m<svg\u001b[39m\n                  \u001b[33maria-hidden\u001b[39m=\u001b[32m\"true\"\u001b[39m\n                  \u001b[33mclass\u001b[39m=\u001b[32m\"lucide lucide-shield\"\u001b[39m\n                  \u001b[33mfill\u001b[39m=\u001b[32m\"none\"\u001b[39m\n                  \u001b[33mheight\u001b[39m=\u001b[32m\"16\"\u001b[39m\n                  \u001b[33mstroke\u001b[39m=\u001b[32m\"#334155\"\u001b[39m\n                  \u001b[33mstroke-linecap\u001b[39m=\u001b[32m\"round\"\u001b[39m\n                  \u001b[33mstroke-linejoin\u001b[39m=\u001b[32m\"round\"\u001b[39m\n                  \u001b[33mstroke-width\u001b[39m=\u001b[32m\"2.2\"\u001b[39m\n                  \u001b[33mviewBox\u001b[39m=\u001b[32m\"0 0 24 24\"\u001b[39m\n                  \u001b[33mwidth\u001b[39m=\u001b[32m\"16\"\u001b[39m\n                  \u001b[33mxmlns\u001b[39m=\u001b[32m\"http://www.w3.org/2000/svg\"\u001b[39m\n                \u001b[36m>\u001b[39m\n                  \u001b[36m<path\u001b[39m\n                    \u001b[33md\u001b[39m=\u001b[32m\"M20 13c0 5-3.5 7.5-7.66 8.95a1 1 0 0 1-.67-.01C7.5 20.5 4 18 4 13V6a1 1 0 0 1 1-1c2 0 4.5-1.2 6.24-2.72a1.17 1.17 0 0 1 1.52 0C14.51 3.81 17 5 19 5a1 1 0 0 1 1 1z\"\u001b[39m\n                  \u001b[36m/>\u001b[39m\n                \u001b[36m</svg>\u001b[39m\n              \u001b[36m</span>\u001b[39m\n              \u001b[36m<span>\u001b[39m\n                \u001b[0mSuper Admin Paneli\u001b[0m\n              \u001b[36m</span>\u001b[39m\n            \u001b[36m</span>\u001b[39m\n          \u001b[36m</button>\u001b[39m\n          \u001b[36m<button\u001b[39m\n            \u001b[33mdata-testid\u001b[39m=\u001b[32m\"admin-tab-platform_operations\"\u001b[39m\n            \u001b[33mstyle\u001b[39m=\u001b[32m\"padding: 10px 16px; background: rgb(248, 250, 252); color: rgb(51, 65, 85); border: 1px solid rgb(219, 227, 238); border-radius: 999px; cursor: pointer; font-weight: 600; box-shadow: 0 4px 10px rgba(15, 23, 42, 0.05); text-align: center;\"\u001b[39m\n            \u001b[33mtype\u001b[39m=\u001b[32m\"button\"\u001b[39m\n          \u001b[36m>\u001b[39m\n            \u001b[36m<span\u001b[39m\n              \u001b[33mstyle\u001b[39m=\u001b[32m\"display: inline-flex; align-items: center; gap: 8px;\"\u001b[39m\n            \u001b[36m>\u001b[39m\n              \u001b[36m<span\u001b[39m\n                \u001b[33mstyle\u001b[39m=\u001b[32m\"display: inline-flex; align-items: center; justify-content: center; width: 28px; height: 28px; border-radius: 999px; border: 1px solid rgb(219, 227, 238); background: rgb(255, 255, 255); flex-shrink: 0;\"\u001b[39m\n              \u001b[36m>\u001b[39m\n                \u001b[36m<svg\u001b[39m\n                  \u001b[33maria-hidden\u001b[39m=\u001b[32m\"true\"\u001b[39m\n                  \u001b[33mclass\u001b[39m=\u001b[32m\"lucide lucide-wrench\"\u001b[39m\n                  \u001b[33mfill\u001b[39m=\u001b[32m\"none\"\u001b[39m\n                  \u001b[33mheight\u001b[39m=\u001b[32m\"16\"\u001b[39m\n                  \u001b[33mstroke\u001b[39m=\u001b[32m\"#334155\"\u001b[39m\n                  \u001b[33mstroke-linecap\u001b[39m=\u001b[32m\"round\"\u001b[39m\n                  \u001b[33mstroke-linejoin\u001b[39m=\u001b[32m\"round\"\u001b[39m\n                  \u001b[33mstroke-width\u001b[39m=\u001b[32m\"2.2\"\u001b[39m\n                  \u001b[33mviewBox\u001b[39m=\u001b[32m\"0 0 24 24\"\u001b[39m\n                  \u001b[33mwidth\u001b[39m=\u001b[32m\"16\"\u001b[39m\n                  \u001b[33mxmlns\u001b[39m=\u001b[32m\"http://www.w3.org/2000/svg\"\u001b[39m\n                \u001b[36m>\u001b[39m\n                  \u001b[36m<path\u001b[39m\n                    \u001b[33md\u001b[39m=\u001b[32m\"M14.7 6.3a1 1 0 0 0 0 1.4l1.6 1.6a1 1 0 0 0 1.4 0l3.106-3.105c.32-.322.863-.22.983.218a6 6 0 0 1-8.259 7.057l-7.91 7.91a1 1 0 0 1-2.999-3l7.91-7.91a6 6 0 0 1 7.057-8.259c.438.12.54.662.219.984z\"\u001b[39m\n                  \u001b[36m/>\u001b[39m\n                \u001b[36m</svg>\u001b[39m\n              \u001b[36m</span>\u001b[39m\n              \u001b[36m<span>\u001b[39m\n                \u001b[0mPlatform Operasyonlari\u001b[0m\n              \u001b[36m</span>\u001b[39m\n            \u001b[36m</span>\u001b[39m\n          \u001b[36m</button>\u001b[39m\n          \u001b[36m<button\u001b[39m\n            \u001b[33mdata-testid\u001b[39m=\u001b[32m\"admin-tab-discovery_lab_operations\"\u001b[39m\n            \u001b[33mstyle\u001b[39m=\u001b[32m\"padding: 10px 16px; background: rgb(248, 250, 252); color: rgb(51, 65, 85); border: 1px solid rgb(219, 227, 238); border-radius: 999px; cursor: pointer; font-weight: 600; box-shadow: 0 4px 10px rgba(15, 23, 42, 0.05); text-align: center;\"\u001b[39m\n            \u001b[33mtype\u001b[39m=\u001b[32m\"button\"\u001b[39m\n          \u001b[36m>\u001b[39m\n            \u001b[36m<span\u001b[39m\n              \u001b[33mstyle\u001b[39m=\u001b[32m\"display: inline-flex; align-items: center; gap: 8px;\"\u001b[39m\n            \u001b[36m>\u001b[39m\n              \u001b[36m<span\u001b[39m\n                \u001b[33mstyle\u001b[39m=\u001b[32m\"display: inline-flex; align-items: center; justify-content: center; width: 28px; height: 28px; border-radius: 999px; border: 1px solid rgb(219, 227, 238); background: rgb(255, 255, 255); flex-shrink: 0;\"\u001b[39m\n              \u001b[36m>\u001b[39m\n                \u001b[36m<svg\u001b[39m\n                  \u001b[33maria-hidden\u001b[39m=\u001b[32m\"true\"\u001b[39m\n                  \u001b[33mclass\u001b[39m=\u001b[32m\"lucide lucide-flask-conical\"\u001b[39m\n                  \u001b[33mfill\u001b[39m=\u001b[32m\"none\"\u001b[39m\n                  \u001b[33mheight\u001b[39m=\u001b[32m\"16\"\u001b[39m\n                  \u001b[33mstroke\u001b[39m=\u001b[32m\"#334155\"\u001b[39m\n                  \u001b[33mstroke-linecap\u001b[39m=\u001b[32m\"round\"\u001b[39m\n                  \u001b[33mstroke-linejoin\u001b[39m=\u001b[32m\"round\"\u001b[39m\n                  \u001b[33mstroke-width\u001b[39m=\u001b[32m\"2.2\"\u001b[39m\n                  \u001b[33mviewBox\u001b[39m=\u001b[32m\"0 0 24 24\"\u001b[39m\n                  \u001b[33mwidth\u001b[39m=\u001b[32m\"16\"\u001b[39m\n                  \u001b[33mxmlns\u001b[39m=\u001b[32m\"http://www.w3.org/2000/svg\"\u001b[39m\n                \u001b[36m>\u001b[39m\n                  \u001b[36m<path\u001b[39m\n                    \u001b[33md\u001b[39m=\u001b[32m\"M14 2v6a2 2 0 0 0 .245.96l5.51 10.08A2 2 0 0 1 18 22H6a2 2 0 0 1-1.755-2.96l5.51-10.08A2 2 0 0 0 10 8V2\"\u001b[39m\n                  \u001b[36m/>\u001b[39m\n                  \u001b[36m<path\u001b[39m\n                    \u001b[33md\u001b[39m=\u001b[32m\"M6.453 15h11.094\"\u001b[39m\n                  \u001b[36m/>\u001b[39m\n                  \u001b[36m<path\u001b[39m\n                    \u001b[33md\u001b[39m=\u001b[32m\"M8.5 2h7\"\u001b[39m\n                  \u001b[36m/>\u001b[39m\n                \u001b[36m</svg>\u001b[39m\n              \u001b[36m</span>\u001b[39m\n              \u001b[36m<span>\u001b[39m\n    ...\n    at waitForWrapper (D:\\Projects\\procureflow\\web\\node_modules\\@testing-library\\dom\\dist\\wait-for.js:163:27)\n    at D:\\Projects\\procureflow\\web\\node_modules\\@testing-library\\dom\\dist\\query-helpers.js:86:33\n    at D:/Projects/procureflow/web/src/test/admin-page-tenant-governance.test.tsx:2266:25\n    at file:///D:/Projects/procureflow/web/node_modules/@vitest/runner/dist/chunk-artifact.js:1893:20"],"meta":{},"tags":[]},{"ancestorTitles":["AdminPage tenant governance permissions"],"fullName":"AdminPage tenant governance permissions raporlar sekmesinde rapor linklerini gosterir","status":"passed","title":"raporlar sekmesinde rapor linklerini gosterir","duration":423.36789999999746,"failureMessages":[],"meta":{},"tags":[]},{"ancestorTitles":["AdminPage tenant governance permissions"],"fullName":"AdminPage tenant governance permissions platform analitikleri sekmesinde backend ozet metriklerini gosterir","status":"passed","title":"platform analitikleri sekmesinde backend ozet metriklerini gosterir","duration":912.6912000000011,"failureMessages":[],"meta":{},"tags":[]},{"ancestorTitles":["AdminPage tenant governance permissions"],"fullName":"AdminPage tenant governance permissions platform tedarikci havuzu sekmesinde listeleme ve yeni tedarikci ekleme akislarini calistirir","status":"passed","title":"platform tedarikci havuzu sekmesinde listeleme ve yeni tedarikci ekleme akislarini calistirir","duration":2633.2400000000052,"failureMessages":[],"meta":{},"tags":[]},{"ancestorTitles":["AdminPage tenant governance permissions"],"fullName":"AdminPage tenant governance permissions kampanyalar ve landing sekmesinde seeded kartlari ve disabled aksiyonu gosterir","status":"passed","title":"kampanyalar ve landing sekmesinde seeded kartlari ve disabled aksiyonu gosterir","duration":947.4165999999968,"failureMessages":[],"meta":{},"tags":[]}],"startTime":1777655394715,"endTime":1777655481638.4165,"status":"failed","message":"","name":"D:/Projects/procureflow/web/src/test/admin-page-tenant-governance.test.tsx"}]}