{"numTotalTestSuites":85,"numPassedTestSuites":61,"numFailedTestSuites":24,"numPendingTestSuites":0,"numTotalTests":248,"numPassedTests":227,"numFailedTests":21,"numPendingTests":0,"numTodoTests":0,"snapshot":{"added":0,"failure":false,"filesAdded":0,"filesRemoved":0,"filesRemovedList":[],"filesUnmatched":0,"filesUpdated":0,"matched":0,"total":0,"unchecked":0,"uncheckedKeysByFile":[],"unmatched":0,"updated":0,"didUpdate":false},"startTime":1777656918024,"success":false,"testResults":[{"assertionResults":[{"ancestorTitles":["Admin modal workflows"],"fullName":"Admin modal workflows CompanyCreateModal basarili submitte createCompany cagirir ve success akisini tamamlar","status":"passed","title":"CompanyCreateModal basarili submitte createCompany cagirir ve success akisini tamamlar","duration":1878.0382000000009,"failureMessages":[],"meta":{},"tags":[]},{"ancestorTitles":["Admin modal workflows"],"fullName":"Admin modal workflows CompanyCreateModal backend hatasini kullaniciya gosterir","status":"passed","title":"CompanyCreateModal backend hatasini kullaniciya gosterir","duration":1230.1221999999998,"failureMessages":[],"meta":{},"tags":[]},{"ancestorTitles":["Admin modal workflows"],"fullName":"Admin modal workflows DepartmentCreateModal alt acilimlarla createDepartment cagirir","status":"passed","title":"DepartmentCreateModal alt acilimlarla createDepartment cagirir","duration":1733.4495000000006,"failureMessages":[],"meta":{},"tags":[]},{"ancestorTitles":["Admin modal workflows"],"fullName":"Admin modal workflows DepartmentCreateModal hata aldiginda mesaji gosterir","status":"passed","title":"DepartmentCreateModal hata aldiginda mesaji gosterir","duration":536.2564999999995,"failureMessages":[],"meta":{},"tags":[]},{"ancestorTitles":["Admin modal workflows"],"fullName":"Admin modal workflows DepartmentCreateModal talep modunda createDepartmentCatalogRequest cagirir","status":"passed","title":"DepartmentCreateModal talep modunda createDepartmentCatalogRequest cagirir","duration":1162.3474999999999,"failureMessages":[],"meta":{},"tags":[]},{"ancestorTitles":["Admin modal workflows"],"fullName":"Admin modal workflows RolesTab tenant admin icin yeni rol formunu submit eder","status":"passed","title":"RolesTab tenant admin icin yeni rol formunu submit eder","duration":1572.4912000000004,"failureMessages":[],"meta":{},"tags":[]},{"ancestorTitles":["Admin modal workflows"],"fullName":"Admin modal workflows RolesTab backend hatasini alert ile yansitir","status":"passed","title":"RolesTab backend hatasini alert ile yansitir","duration":913.1052999999993,"failureMessages":[],"meta":{},"tags":[]},{"ancestorTitles":["Admin modal workflows"],"fullName":"Admin modal workflows RolesTab talep akisinda createRoleCatalogRequest cagirir","status":"passed","title":"RolesTab talep akisinda createRoleCatalogRequest cagirir","duration":1454.3531000000003,"failureMessages":[],"meta":{},"tags":[]}],"startTime":1777656923633,"endTime":1777656934113.353,"status":"passed","message":"","name":"D:/Projects/procureflow/web/src/test/admin-modal-workflows.test.tsx"},{"assertionResults":[{"ancestorTitles":["AdminPage tenant governance permissions"],"fullName":"AdminPage tenant governance permissions platform support icin tenant governance aksiyonlarini salt okunur gosterir","status":"passed","title":"platform support icin tenant governance aksiyonlarini salt okunur gosterir","duration":2258.0271000000002,"failureMessages":[],"meta":{},"tags":[]},{"ancestorTitles":["AdminPage tenant governance permissions"],"fullName":"AdminPage tenant governance permissions role-management-only kullaniciya sadece roller sekmesini gosterir","status":"passed","title":"role-management-only kullaniciya sadece roller sekmesini gosterir","duration":162.54260000000068,"failureMessages":[],"meta":{},"tags":[]},{"ancestorTitles":["AdminPage tenant governance permissions"],"fullName":"AdminPage tenant governance permissions role-management-only kullanici query param ile baska sekmeye gecemez","status":"passed","title":"role-management-only kullanici query param ile baska sekmeye gecemez","duration":126.2476000000006,"failureMessages":[],"meta":{},"tags":[]},{"ancestorTitles":["AdminPage tenant governance permissions"],"fullName":"AdminPage tenant governance permissions platform support icin platform operasyon kuyrugunu gosterir","status":"passed","title":"platform support icin platform operasyon kuyrugunu gosterir","duration":831.8517999999985,"failureMessages":[],"meta":{},"tags":[]},{"ancestorTitles":["AdminPage tenant governance permissions"],"fullName":"AdminPage tenant governance permissions platform support icin ayri platform operasyonlari sekmesini gosterir","status":"passed","title":"platform support icin ayri platform operasyonlari sekmesini gosterir","duration":449.45700000000033,"failureMessages":[],"meta":{},"tags":[]},{"ancestorTitles":["AdminPage tenant governance permissions"],"fullName":"AdminPage tenant governance permissions platform support icin onboarding studio sekmesini gosterir","status":"passed","title":"platform support icin onboarding studio sekmesini gosterir","duration":449.8150000000005,"failureMessages":[],"meta":{},"tags":[]},{"ancestorTitles":["AdminPage tenant governance permissions"],"fullName":"AdminPage tenant governance permissions super admin onboarding studio hizli baslangictan tenant formunu doldurur","status":"passed","title":"super admin onboarding studio hizli baslangictan tenant formunu doldurur","duration":1892.2883999999995,"failureMessages":[],"meta":{},"tags":[]},{"ancestorTitles":["AdminPage tenant governance permissions"],"fullName":"AdminPage tenant governance permissions super admin onboarding studio icinden taslak tenant olusturur","status":"passed","title":"super admin onboarding studio icinden taslak tenant olusturur","duration":1916.0097999999998,"failureMessages":[],"meta":{},"tags":[]},{"ancestorTitles":["AdminPage tenant governance permissions"],"fullName":"AdminPage tenant governance permissions platform operasyonlari sekmesinde destek workflow alanlarini gosterir","status":"passed","title":"platform operasyonlari sekmesinde destek workflow alanlarini gosterir","duration":3094.402399999999,"failureMessages":[],"meta":{},"tags":[]},{"ancestorTitles":["AdminPage tenant governance permissions"],"fullName":"AdminPage tenant governance permissions platform operasyonlari sekmesinde destek durumu sayaçlari ve filtreleri calisir","status":"passed","title":"platform operasyonlari sekmesinde destek durumu sayaçlari ve filtreleri calisir","duration":2326.9112000000023,"failureMessages":[],"meta":{},"tags":[]},{"ancestorTitles":["AdminPage tenant governance permissions"],"fullName":"AdminPage tenant governance permissions platform operasyonlari sekmesinden destek notunu kalici olarak kaydeder","status":"passed","title":"platform operasyonlari sekmesinden destek notunu kalici olarak kaydeder","duration":2272.930500000002,"failureMessages":[],"meta":{},"tags":[]},{"ancestorTitles":["AdminPage tenant governance permissions"],"fullName":"AdminPage tenant governance permissions resolved durumunda kapanis nedenini ister ve payload'a ekler","status":"passed","title":"resolved durumunda kapanis nedenini ister ve payload'a ekler","duration":1645.138600000002,"failureMessages":[],"meta":{},"tags":[]},{"ancestorTitles":["AdminPage tenant governance permissions"],"fullName":"AdminPage tenant governance permissions platform operator icin tenant governance aksiyonlarini salt okunur gosterir","status":"passed","title":"platform operator icin tenant governance aksiyonlarini salt okunur gosterir","duration":465.08420000000115,"failureMessages":[],"meta":{},"tags":[]},{"ancestorTitles":["AdminPage tenant governance permissions"],"fullName":"AdminPage tenant governance permissions super admin icin tenant governance aksiyonlarini aktif gosterir","status":"passed","title":"super admin icin tenant governance aksiyonlarini aktif gosterir","duration":1007.6697999999997,"failureMessages":[],"meta":{},"tags":[]},{"ancestorTitles":["AdminPage tenant governance permissions"],"fullName":"AdminPage tenant governance permissions discovery lab operasyonlarinda discovery lab kartini filtreler ve detay acar","status":"passed","title":"discovery lab operasyonlarinda discovery lab kartini filtreler ve detay acar","duration":1317.7296999999999,"failureMessages":[],"meta":{},"tags":[]},{"ancestorTitles":["AdminPage tenant governance permissions"],"fullName":"AdminPage tenant governance permissions platform genel bakista deep-link odagini ortak focus banner ile gosterir","status":"passed","title":"platform genel bakista deep-link odagini ortak focus banner ile gosterir","duration":720.3301000000029,"failureMessages":[],"meta":{},"tags":[]},{"ancestorTitles":["AdminPage tenant governance permissions"],"fullName":"AdminPage tenant governance permissions platform overview project odagini projects sekmesine tasir","status":"passed","title":"platform overview project odagini projects sekmesine tasir","duration":719.6582999999991,"failureMessages":[],"meta":{},"tags":[]},{"ancestorTitles":["AdminPage tenant governance permissions"],"fullName":"AdminPage tenant governance permissions platform overview telemetry export metadata ve indirme adlarini gosterir","status":"passed","title":"platform overview telemetry export metadata ve indirme adlarini gosterir","duration":3448.2034999999996,"failureMessages":[],"meta":{},"tags":[]},{"ancestorTitles":["AdminPage tenant governance permissions"],"fullName":"AdminPage tenant governance permissions platform overview telemetry filtrelerini preset olarak kaydeder, yeniden adlandirir, siler ve geri yukler","status":"passed","title":"platform overview telemetry filtrelerini preset olarak kaydeder, yeniden adlandirir, siler ve geri yukler","duration":6850.776399999999,"failureMessages":[],"meta":{},"tags":[]},{"ancestorTitles":["AdminPage tenant governance permissions"],"fullName":"AdminPage tenant governance permissions platform overview telemetry preset paketini disa aktarir ve geri ice alir","status":"passed","title":"platform overview telemetry preset paketini disa aktarir ve geri ice alir","duration":4296.751299999996,"failureMessages":[],"meta":{},"tags":[]},{"ancestorTitles":["AdminPage tenant governance permissions"],"fullName":"AdminPage tenant governance permissions platform overview telemetry preset paketi uyumsuz versiyonu preview ve hata ile gosterir","status":"passed","title":"platform overview telemetry preset paketi uyumsuz versiyonu preview ve hata ile gosterir","duration":629.2093000000023,"failureMessages":[],"meta":{},"tags":[]},{"ancestorTitles":["AdminPage tenant governance permissions"],"fullName":"AdminPage tenant governance permissions platform overview telemetry preset preview cakisma bilgisini gosterir","status":"passed","title":"platform overview telemetry preset preview cakisma bilgisini gosterir","duration":1699.9217999999964,"failureMessages":[],"meta":{},"tags":[]},{"ancestorTitles":["AdminPage tenant governance permissions"],"fullName":"AdminPage tenant governance permissions platform overview telemetry preset preview yeni eklenecek presetleri ayri blokta gosterir","status":"passed","title":"platform overview telemetry preset preview yeni eklenecek presetleri ayri blokta gosterir","duration":335.76580000000104,"failureMessages":[],"meta":{},"tags":[]},{"ancestorTitles":["AdminPage tenant governance permissions"],"fullName":"AdminPage tenant governance permissions platform overview telemetry preset preview referans preset secimine gore aktif filtre ozetini degistirir","status":"passed","title":"platform overview telemetry preset preview referans preset secimine gore aktif filtre ozetini degistirir","duration":767.0185999999958,"failureMessages":[],"meta":{},"tags":[]},{"ancestorTitles":["AdminPage tenant governance permissions"],"fullName":"AdminPage tenant governance permissions platform overview telemetry export aksiyonlarinda hata durumlarini gosterir","status":"passed","title":"platform overview telemetry export aksiyonlarinda hata durumlarini gosterir","duration":1518.1316000000006,"failureMessages":[],"meta":{},"tags":[]},{"ancestorTitles":["AdminPage tenant governance permissions"],"fullName":"AdminPage tenant governance permissions platform overview telemetry export metadata'sina history filtrelerini ekler","status":"passed","title":"platform overview telemetry export metadata'sina history filtrelerini ekler","duration":604.6428999999989,"failureMessages":[],"meta":{},"tags":[]},{"ancestorTitles":["AdminPage tenant governance permissions"],"fullName":"AdminPage tenant governance permissions platform overview telemetry aksiyon tarihcesini localStorage'dan geri yukler","status":"passed","title":"platform overview telemetry aksiyon tarihcesini localStorage'dan geri yukler","duration":243.58879999999772,"failureMessages":[],"meta":{},"tags":[]},{"ancestorTitles":["AdminPage tenant governance permissions"],"fullName":"AdminPage tenant governance permissions platform overview telemetry aksiyon tarihcesine zaman ve metin filtresi uygular","status":"passed","title":"platform overview telemetry aksiyon tarihcesine zaman ve metin filtresi uygular","duration":2784.758399999999,"failureMessages":[],"meta":{},"tags":[]},{"ancestorTitles":["AdminPage tenant governance permissions"],"fullName":"AdminPage tenant governance permissions platform overview telemetry aksiyon tarihcesi filtrelerini localStorage'dan geri yukler","status":"passed","title":"platform overview telemetry aksiyon tarihcesi filtrelerini localStorage'dan geri yukler","duration":587.2225000000035,"failureMessages":[],"meta":{},"tags":[]},{"ancestorTitles":["AdminPage tenant governance permissions"],"fullName":"AdminPage tenant governance permissions platform overview telemetry aksiyon tarihcesi filtrelerini query param ile geri yukler","status":"passed","title":"platform overview telemetry aksiyon tarihcesi filtrelerini query param ile geri yukler","duration":513.5878999999986,"failureMessages":[],"meta":{},"tags":[]},{"ancestorTitles":["AdminPage tenant governance permissions"],"fullName":"AdminPage tenant governance permissions telemetry aksiyon tarihcesi query filtrelerini sekmeler arasi korur","status":"passed","title":"telemetry aksiyon tarihcesi query filtrelerini sekmeler arasi korur","duration":752.8417999999947,"failureMessages":[],"meta":{},"tags":[]},{"ancestorTitles":["AdminPage tenant governance permissions"],"fullName":"AdminPage tenant governance permissions telemetry filtrelerini sekmeler arasi korur","status":"passed","title":"telemetry filtrelerini sekmeler arasi korur","duration":1354.184699999998,"failureMessages":[],"meta":{},"tags":[]},{"ancestorTitles":["AdminPage tenant governance permissions"],"fullName":"AdminPage tenant governance permissions platform overview telemetry filtrelerini localStorage'dan geri yukler","status":"passed","title":"platform overview telemetry filtrelerini localStorage'dan geri yukler","duration":293.22669999999925,"failureMessages":[],"meta":{},"tags":[]},{"ancestorTitles":["AdminPage tenant governance permissions"],"fullName":"AdminPage tenant governance permissions discovery lab operasyonlari sekmesinde tenant ve rfq bagli audit merkezini gosterir","status":"passed","title":"discovery lab operasyonlari sekmesinde tenant ve rfq bagli audit merkezini gosterir","duration":1077.8960000000006,"failureMessages":[],"meta":{},"tags":[]},{"ancestorTitles":["AdminPage tenant governance permissions"],"fullName":"AdminPage tenant governance permissions discovery lab operasyonlari sekmesi quoteFocusId ile rfq insight panelini otomatik acar","status":"passed","title":"discovery lab operasyonlari sekmesi quoteFocusId ile rfq insight panelini otomatik acar","duration":167.16010000000097,"failureMessages":[],"meta":{},"tags":[]},{"ancestorTitles":["AdminPage tenant governance permissions"],"fullName":"AdminPage tenant governance permissions discovery lab operasyonlari sekmesi quoteInsight ile ilgili alt bolumu vurgular","status":"passed","title":"discovery lab operasyonlari sekmesi quoteInsight ile ilgili alt bolumu vurgular","duration":355.90009999999893,"failureMessages":[],"meta":{},"tags":[]},{"ancestorTitles":["AdminPage tenant governance permissions"],"fullName":"AdminPage tenant governance permissions discovery lab operasyonlari restore toast'ini escape ile kapatir","status":"passed","title":"discovery lab operasyonlari restore toast'ini escape ile kapatir","duration":473.05880000000616,"failureMessages":[],"meta":{},"tags":[]},{"ancestorTitles":["AdminPage tenant governance permissions"],"fullName":"AdminPage tenant governance permissions discovery lab operasyonlari debug timeline filtreleri ve replay aksiyonunu calistirir","status":"passed","title":"discovery lab operasyonlari debug timeline filtreleri ve replay aksiyonunu calistirir","duration":3162.8706999999995,"failureMessages":[],"meta":{},"tags":[]},{"ancestorTitles":["AdminPage tenant governance permissions"],"fullName":"AdminPage tenant governance permissions telemetry secimi discovery lab satirini otomatik acar ve ilgili bolume kaydirir","status":"passed","title":"telemetry secimi discovery lab satirini otomatik acar ve ilgili bolume kaydirir","duration":4509.754100000006,"failureMessages":[],"meta":{},"tags":[]},{"ancestorTitles":["AdminPage tenant governance permissions"],"fullName":"AdminPage tenant governance permissions discovery lab operasyonlari debug timeline satirlarini silebilir ve tumunu temizleyebilir","status":"passed","title":"discovery lab operasyonlari debug timeline satirlarini silebilir ve tumunu temizleyebilir","duration":512.7465999999986,"failureMessages":[],"meta":{},"tags":[]},{"ancestorTitles":["AdminPage tenant governance permissions"],"fullName":"AdminPage tenant governance permissions discovery lab operasyonlari debug timeline kayitlarini sert yenileme sonrasi geri getirir","status":"passed","title":"discovery lab operasyonlari debug timeline kayitlarini sert yenileme sonrasi geri getirir","duration":852.1414999999979,"failureMessages":[],"meta":{},"tags":[]},{"ancestorTitles":["AdminPage tenant governance permissions"],"fullName":"AdminPage tenant governance permissions discovery lab operasyonlari restore toast'ini hover ile duraklatir","status":"passed","title":"discovery lab operasyonlari restore toast'ini hover ile duraklatir","duration":611.6863999999914,"failureMessages":[],"meta":{},"tags":[]},{"ancestorTitles":["AdminPage tenant governance permissions"],"fullName":"AdminPage tenant governance permissions discovery lab operasyonlari restore toast'inden rfq kart odagina gidebilir","status":"passed","title":"discovery lab operasyonlari restore toast'inden rfq kart odagina gidebilir","duration":793.9248999999982,"failureMessages":[],"meta":{},"tags":[]},{"ancestorTitles":["AdminPage tenant governance permissions"],"fullName":"AdminPage tenant governance permissions discovery lab operasyonlari restore edilen rfq kartini listenin ustune tasir","status":"passed","title":"discovery lab operasyonlari restore edilen rfq kartini listenin ustune tasir","duration":300.4786999999924,"failureMessages":[],"meta":{},"tags":[]},{"ancestorTitles":["AdminPage tenant governance permissions"],"fullName":"AdminPage tenant governance permissions discovery lab operasyonlari restore odagini sekme gecisinde korur","status":"passed","title":"discovery lab operasyonlari restore odagini sekme gecisinde korur","duration":1643.1146000000008,"failureMessages":[],"meta":{},"tags":[]},{"ancestorTitles":["AdminPage tenant governance permissions"],"fullName":"AdminPage tenant governance permissions discovery lab operasyonlari restore odagini sert yenileme sonrasi local storage'dan bir kez geri getirir","status":"passed","title":"discovery lab operasyonlari restore odagini sert yenileme sonrasi local storage'dan bir kez geri getirir","duration":897.5776999999944,"failureMessages":[],"meta":{},"tags":[]},{"ancestorTitles":["AdminPage tenant governance permissions"],"fullName":"AdminPage tenant governance permissions discovery lab operasyonlari sekmesinde restore odagi manuel temizlenebilir","status":"passed","title":"discovery lab operasyonlari sekmesinde restore odagi manuel temizlenebilir","duration":885.1394999999902,"failureMessages":[],"meta":{},"tags":[]},{"ancestorTitles":["AdminPage tenant governance permissions"],"fullName":"AdminPage tenant governance permissions tenant governance deep-link odagini query param ile acar","status":"passed","title":"tenant governance deep-link odagini query param ile acar","duration":141.62879999999132,"failureMessages":[],"meta":{},"tags":[]},{"ancestorTitles":["AdminPage tenant governance permissions"],"fullName":"AdminPage tenant governance permissions projects ve onboarding deep-link odagini query param ile acar","status":"passed","title":"projects ve onboarding deep-link odagini query param ile acar","duration":275.32859999999346,"failureMessages":[],"meta":{},"tags":[]},{"ancestorTitles":["AdminPage tenant governance permissions"],"fullName":"AdminPage tenant governance permissions super admin icin paket ve kullanim sekmesini gosterir","status":"passed","title":"super admin icin paket ve kullanim sekmesini gosterir","duration":7473.2253000000055,"failureMessages":[],"meta":{},"tags":[]},{"ancestorTitles":["AdminPage tenant governance permissions"],"fullName":"AdminPage tenant governance permissions failed webhook kartinda yeniden isle quick-action gosterir ve tetikler","status":"passed","title":"failed webhook kartinda yeniden isle quick-action gosterir ve tetikler","duration":688.6193000000058,"failureMessages":[],"meta":{},"tags":[]},{"ancestorTitles":["AdminPage tenant governance permissions"],"fullName":"AdminPage tenant governance permissions raporlar sekmesinde rapor linklerini gosterir","status":"passed","title":"raporlar sekmesinde rapor linklerini gosterir","duration":403.80839999999444,"failureMessages":[],"meta":{},"tags":[]},{"ancestorTitles":["AdminPage tenant governance permissions"],"fullName":"AdminPage tenant governance permissions platform analitikleri sekmesinde backend ozet metriklerini gosterir","status":"passed","title":"platform analitikleri sekmesinde backend ozet metriklerini gosterir","duration":899.2119999999995,"failureMessages":[],"meta":{},"tags":[]},{"ancestorTitles":["AdminPage tenant governance permissions"],"fullName":"AdminPage tenant governance permissions platform tedarikci havuzu sekmesinde listeleme ve yeni tedarikci ekleme akislarini calistirir","status":"passed","title":"platform tedarikci havuzu sekmesinde listeleme ve yeni tedarikci ekleme akislarini calistirir","duration":2420.1120999999985,"failureMessages":[],"meta":{},"tags":[]},{"ancestorTitles":["AdminPage tenant governance permissions"],"fullName":"AdminPage tenant governance permissions kampanyalar ve landing sekmesinde seeded kartlari ve disabled aksiyonu gosterir","status":"passed","title":"kampanyalar ve landing sekmesinde seeded kartlari ve disabled aksiyonu gosterir","duration":922.5999999999913,"failureMessages":[],"meta":{},"tags":[]}],"startTime":1777656925051,"endTime":1777657002856.6,"status":"passed","message":"","name":"D:/Projects/procureflow/web/src/test/admin-page-tenant-governance.test.tsx"},{"assertionResults":[{"ancestorTitles":["Admin read-only tabs"],"fullName":"Admin read-only tabs CompaniesTab readOnly modda yazma aksiyonlarini kapatir","status":"failed","title":"CompaniesTab readOnly modda yazma aksiyonlarini kapatir","duration":1365.0647,"failureMessages":["TestingLibraryElementError: Unable to find an accessible element with the role \"button\" and name `/yeni firma/i`\n\nHere are the accessible roles:\n\n  button:\n\n  Name \"Portal Ana Firmalar (1)\":\n  \u001b[36m<button\u001b[39m\n    \u001b[33mstyle\u001b[39m=\u001b[32m\"padding: 7px 14px; border-radius: 20px; border: 1px solid rgb(59, 130, 246); background: rgb(59, 130, 246); color: white; font-weight: 700; font-size: 13px; cursor: pointer;\"\u001b[39m\n    \u001b[33mtype\u001b[39m=\u001b[32m\"button\"\u001b[39m\n  \u001b[36m/>\u001b[39m\n\n  Name \"Stratejik Partner Firmalar (0)\":\n  \u001b[36m<button\u001b[39m\n    \u001b[33mstyle\u001b[39m=\u001b[32m\"padding: 7px 14px; border-radius: 20px; border: 1px solid rgb(226, 232, 240); background: white; color: rgb(55, 65, 81); font-weight: 500; font-size: 13px; cursor: pointer;\"\u001b[39m\n    \u001b[33mtype\u001b[39m=\u001b[32m\"button\"\u001b[39m\n  \u001b[36m/>\u001b[39m\n\n  Name \"Tedarikci Firmalar (0)\":\n  \u001b[36m<button\u001b[39m\n    \u001b[33mstyle\u001b[39m=\u001b[32m\"padding: 7px 14px; border-radius: 20px; border: 1px solid rgb(226, 232, 240); background: white; color: rgb(55, 65, 81); font-weight: 500; font-size: 13px; cursor: pointer;\"\u001b[39m\n    \u001b[33mtype\u001b[39m=\u001b[32m\"button\"\u001b[39m\n  \u001b[36m/>\u001b[39m\n\n  Name \"Is Ortagi Firmalar (0)\":\n  \u001b[36m<button\u001b[39m\n    \u001b[33mstyle\u001b[39m=\u001b[32m\"padding: 7px 14px; border-radius: 20px; border: 1px solid rgb(226, 232, 240); background: white; color: rgb(55, 65, 81); font-weight: 500; font-size: 13px; cursor: pointer;\"\u001b[39m\n    \u001b[33mtype\u001b[39m=\u001b[32m\"button\"\u001b[39m\n  \u001b[36m/>\u001b[39m\n\n  Name \"Tumu\":\n  \u001b[36m<button\u001b[39m\n    \u001b[33mstyle\u001b[39m=\u001b[32m\"padding: 5px 14px; border-radius: 16px; border: 1px solid rgb(29, 78, 216); background: rgb(29, 78, 216); color: white; font-weight: 700; font-size: 13px; cursor: pointer;\"\u001b[39m\n    \u001b[33mtype\u001b[39m=\u001b[32m\"button\"\u001b[39m\n  \u001b[36m/>\u001b[39m\n\n  Name \"Aktif\":\n  \u001b[36m<button\u001b[39m\n    \u001b[33mstyle\u001b[39m=\u001b[32m\"padding: 5px 14px; border-radius: 16px; border: 1px solid rgb(226, 232, 240); background: white; color: rgb(55, 65, 81); font-weight: 500; font-size: 13px; cursor: pointer;\"\u001b[39m\n    \u001b[33mtype\u001b[39m=\u001b[32m\"button\"\u001b[39m\n  \u001b[36m/>\u001b[39m\n\n  Name \"Pasif\":\n  \u001b[36m<button\u001b[39m\n    \u001b[33mstyle\u001b[39m=\u001b[32m\"padding: 5px 14px; border-radius: 16px; border: 1px solid rgb(226, 232, 240); background: white; color: rgb(55, 65, 81); font-weight: 500; font-size: 13px; cursor: pointer;\"\u001b[39m\n    \u001b[33mtype\u001b[39m=\u001b[32m\"button\"\u001b[39m\n  \u001b[36m/>\u001b[39m\n\n  Name \"✓ Aktif\":\n  \u001b[36m<button\u001b[39m\n    \u001b[33mdisabled\u001b[39m=\u001b[32m\"\"\u001b[39m\n    \u001b[33mstyle\u001b[39m=\u001b[32m\"padding: 4px 10px; border: 1px solid rgb(16, 185, 129); border-radius: 8px; background: rgb(209, 250, 229); color: rgb(6, 95, 70); font-weight: 700; font-size: 12px; cursor: default; opacity: 1;\"\u001b[39m\n    \u001b[33mtype\u001b[39m=\u001b[32m\"button\"\u001b[39m\n  \u001b[36m/>\u001b[39m\n\n  Name \"Detay: ACME\":\n  \u001b[36m<button\u001b[39m\n    \u001b[33maria-label\u001b[39m=\u001b[32m\"Detay: ACME\"\u001b[39m\n    \u001b[33mstyle\u001b[39m=\u001b[32m\"width: 32px; height: 32px; border-radius: 8px; border: 1px rgb(191, 219, 254); background: rgb(239, 246, 255); display: inline-flex; align-items: center; justify-content: center; cursor: pointer;\"\u001b[39m\n    \u001b[33mtitle\u001b[39m=\u001b[32m\"Detay\"\u001b[39m\n    \u001b[33mtype\u001b[39m=\u001b[32m\"button\"\u001b[39m\n  \u001b[36m/>\u001b[39m\n\n  --------------------------------------------------\n  table:\n\n  Name \"\":\n  \u001b[36m<table\u001b[39m\n    \u001b[33mstyle\u001b[39m=\u001b[32m\"width: 100%; border-collapse: collapse; font-size: 14px; table-layout: fixed;\"\u001b[39m\n  \u001b[36m/>\u001b[39m\n\n  --------------------------------------------------\n  rowgroup:\n\n  Name \"\":\n  \u001b[36m<thead />\u001b[39m\n\n  Name \"\":\n  \u001b[36m<tbody />\u001b[39m\n\n  --------------------------------------------------\n  row:\n\n  Name \"Logo Firma Adi Yetkili Kisi Rol Durum Islem\":\n  \u001b[36m<tr\u001b[39m\n    \u001b[33mstyle\u001b[39m=\u001b[32m\"background: rgb(243, 244, 246); border-bottom: 2px solid rgb(221, 221, 221);\"\u001b[39m\n  \u001b[36m/>\u001b[39m\n\n  Name \"- ACME - Portal Firma ✓ Aktif\":\n  \u001b[36m<tr\u001b[39m\n    \u001b[33mstyle\u001b[39m=\u001b[32m\"border-bottom: 1px solid rgb(238, 238, 238);\"\u001b[39m\n  \u001b[36m/>\u001b[39m\n\n  --------------------------------------------------\n  columnheader:\n\n  Name \"Logo\":\n  \u001b[36m<th\u001b[39m\n    \u001b[33mstyle\u001b[39m=\u001b[32m\"padding: 10px; text-align: left; border-right: 1px solid rgb(217, 226, 236); width: 72px; min-width: 72px;\"\u001b[39m\n  \u001b[36m/>\u001b[39m\n\n  Name \"Firma Adi\":\n  \u001b[36m<th\u001b[39m\n    \u001b[33mstyle\u001b[39m=\u001b[32m\"padding: 10px; text-align: left; border-right: 1px solid rgb(217, 226, 236);\"\u001b[39m\n  \u001b[36m/>\u001b[39m\n\n  Name \"Yetkili Kisi\":\n  \u001b[36m<th\u001b[39m\n    \u001b[33mstyle\u001b[39m=\u001b[32m\"padding: 10px; text-align: left; border-right: 1px solid rgb(217, 226, 236); width: 210px; min-width: 210px;\"\u001b[39m\n  \u001b[36m/>\u001b[39m\n\n  Name \"Rol\":\n  \u001b[36m<th\u001b[39m\n    \u001b[33mstyle\u001b[39m=\u001b[32m\"padding: 10px; text-align: center; border-right: 1px solid rgb(217, 226, 236); width: 152px; min-width: 152px;\"\u001b[39m\n  \u001b[36m/>\u001b[39m\n\n  Name \"Durum\":\n  \u001b[36m<th\u001b[39m\n    \u001b[33mstyle\u001b[39m=\u001b[32m\"padding: 10px; text-align: center; border-right: 1px solid rgb(217, 226, 236); width: 132px; min-width: 132px;\"\u001b[39m\n  \u001b[36m/>\u001b[39m\n\n  Name \"Islem\":\n  \u001b[36m<th\u001b[39m\n    \u001b[33mstyle\u001b[39m=\u001b[32m\"padding: 10px; width: 132px; min-width: 132px; text-align: right;\"\u001b[39m\n  \u001b[36m/>\u001b[39m\n\n  --------------------------------------------------\n  cell:\n\n  Name \"-\":\n  \u001b[36m<td\u001b[39m\n    \u001b[33mstyle\u001b[39m=\u001b[32m\"padding: 8px 10px; border-right: 1px solid rgb(238, 242, 247);\"\u001b[39m\n  \u001b[36m/>\u001b[39m\n\n  Name \"ACME\":\n  \u001b[36m<td\u001b[39m\n    \u001b[33mstyle\u001b[39m=\u001b[32m\"padding: 8px 10px; border-right: 1px solid rgb(238, 242, 247); font-weight: 600; text-align: left; white-space: nowrap; overflow: hidden; text-overflow: ellipsis;\"\u001b[39m\n    \u001b[33mtitle\u001b[39m=\u001b[32m\"ACME\"\u001b[39m\n  \u001b[36m/>\u001b[39m\n\n  Name \"-\":\n  \u001b[36m<td\u001b[39m\n    \u001b[33mstyle\u001b[39m=\u001b[32m\"padding: 8px 10px; border-right: 1px solid rgb(238, 242, 247); color: rgb(71, 85, 105); font-size: 13px; text-align: left; white-space: nowrap; overflow: hidden; text-overflow: ellipsis;\"\u001b[39m\n    \u001b[33mtitle\u001b[39m=\u001b[32m\"-\"\u001b[39m\n  \u001b[36m/>\u001b[39m\n\n  Name \"Portal Firma\":\n  \u001b[36m<td\u001b[39m\n    \u001b[33mstyle\u001b[39m=\u001b[32m\"padding: 8px 10px; border-right: 1px solid rgb(238, 242, 247); width: 152px; min-width: 152px; text-align: center; vertical-align: middle; font-size: 12px;\"\u001b[39m\n  \u001b[36m/>\u001b[39m\n\n  Name \"✓ Aktif\":\n  \u001b[36m<td\u001b[39m\n    \u001b[33mstyle\u001b[39m=\u001b[32m\"padding: 8px 10px; border-right: 1px solid rgb(238, 242, 247); width: 132px; min-width: 132px; text-align: center; vertical-align: middle;\"\u001b[39m\n  \u001b[36m/>\u001b[39m\n\n  Name \"\":\n  \u001b[36m<td\u001b[39m\n    \u001b[33mstyle\u001b[39m=\u001b[32m\"padding: 8px 10px; width: 132px; min-width: 132px; text-align: right; vertical-align: middle;\"\u001b[39m\n  \u001b[36m/>\u001b[39m\n\n  --------------------------------------------------\n\nIgnored nodes: comments, script, style\n\u001b[36m<body>\u001b[39m\n  \u001b[36m<div>\u001b[39m\n    \u001b[36m<div>\u001b[39m\n      \u001b[36m<div\u001b[39m\n        \u001b[33mstyle\u001b[39m=\u001b[32m\"margin-bottom: 16px; padding: 12px; border-radius: 12px; background: rgb(255, 247, 237); color: rgb(154, 52, 18); border: 1px solid rgb(254, 215, 170); font-size: 13px;\"\u001b[39m\n      \u001b[36m>\u001b[39m\n        \u001b[0mPlatform personeli firma portfoyunu inceleyebilir; yeni firma ekleme, duzenleme ve silme aksiyonlari bu yuzeyde salt okunur moda alinmistir.\u001b[0m\n      \u001b[36m</div>\u001b[39m\n      \u001b[36m<div\u001b[39m\n        \u001b[33mstyle\u001b[39m=\u001b[32m\"display: flex; gap: 6px; flex-wrap: wrap; margin-bottom: 16px;\"\u001b[39m\n      \u001b[36m>\u001b[39m\n        \u001b[36m<button\u001b[39m\n          \u001b[33mstyle\u001b[39m=\u001b[32m\"padding: 7px 14px; border-radius: 20px; border: 1px solid rgb(59, 130, 246); background: rgb(59, 130, 246); color: white; font-weight: 700; font-size: 13px; cursor: pointer;\"\u001b[39m\n          \u001b[33mtype\u001b[39m=\u001b[32m\"button\"\u001b[39m\n        \u001b[36m>\u001b[39m\n          \u001b[0mPortal Ana Firmalar (1)\u001b[0m\n        \u001b[36m</button>\u001b[39m\n        \u001b[36m<button\u001b[39m\n          \u001b[33mstyle\u001b[39m=\u001b[32m\"padding: 7px 14px; border-radius: 20px; border: 1px solid rgb(226, 232, 240); background: white; color: rgb(55, 65, 81); font-weight: 500; font-size: 13px; cursor: pointer;\"\u001b[39m\n          \u001b[33mtype\u001b[39m=\u001b[32m\"button\"\u001b[39m\n        \u001b[36m>\u001b[39m\n          \u001b[0mStratejik Partner Firmalar (0)\u001b[0m\n        \u001b[36m</button>\u001b[39m\n        \u001b[36m<button\u001b[39m\n          \u001b[33mstyle\u001b[39m=\u001b[32m\"padding: 7px 14px; border-radius: 20px; border: 1px solid rgb(226, 232, 240); background: white; color: rgb(55, 65, 81); font-weight: 500; font-size: 13px; cursor: pointer;\"\u001b[39m\n          \u001b[33mtype\u001b[39m=\u001b[32m\"button\"\u001b[39m\n        \u001b[36m>\u001b[39m\n          \u001b[0mTedarikci Firmalar (0)\u001b[0m\n        \u001b[36m</button>\u001b[39m\n        \u001b[36m<button\u001b[39m\n          \u001b[33mstyle\u001b[39m=\u001b[32m\"padding: 7px 14px; border-radius: 20px; border: 1px solid rgb(226, 232, 240); background: white; color: rgb(55, 65, 81); font-weight: 500; font-size: 13px; cursor: pointer;\"\u001b[39m\n          \u001b[33mtype\u001b[39m=\u001b[32m\"button\"\u001b[39m\n        \u001b[36m>\u001b[39m\n          \u001b[0mIs Ortagi Firmalar (0)\u001b[0m\n        \u001b[36m</button>\u001b[39m\n      \u001b[36m</div>\u001b[39m\n      \u001b[36m<div\u001b[39m\n        \u001b[33mstyle\u001b[39m=\u001b[32m\"display: flex; align-items: center; gap: 10px; margin-bottom: 16px; flex-wrap: wrap;\"\u001b[39m\n      \u001b[36m>\u001b[39m\n        \u001b[36m<button\u001b[39m\n          \u001b[33mstyle\u001b[39m=\u001b[32m\"padding: 5px 14px; border-radius: 16px; border: 1px solid rgb(29, 78, 216); background: rgb(29, 78, 216); color: white; font-weight: 700; font-size: 13px; cursor: pointer;\"\u001b[39m\n          \u001b[33mtype\u001b[39m=\u001b[32m\"button\"\u001b[39m\n        \u001b[36m>\u001b[39m\n          \u001b[0mTumu\u001b[0m\n        \u001b[36m</button>\u001b[39m\n        \u001b[36m<button\u001b[39m\n          \u001b[33mstyle\u001b[39m=\u001b[32m\"padding: 5px 14px; border-radius: 16px; border: 1px solid rgb(226, 232, 240); background: white; color: rgb(55, 65, 81); font-weight: 500; font-size: 13px; cursor: pointer;\"\u001b[39m\n          \u001b[33mtype\u001b[39m=\u001b[32m\"button\"\u001b[39m\n        \u001b[36m>\u001b[39m\n          \u001b[0mAktif\u001b[0m\n        \u001b[36m</button>\u001b[39m\n        \u001b[36m<button\u001b[39m\n          \u001b[33mstyle\u001b[39m=\u001b[32m\"padding: 5px 14px; border-radius: 16px; border: 1px solid rgb(226, 232, 240); background: white; color: rgb(55, 65, 81); font-weight: 500; font-size: 13px; cursor: pointer;\"\u001b[39m\n          \u001b[33mtype\u001b[39m=\u001b[32m\"button\"\u001b[39m\n        \u001b[36m>\u001b[39m\n          \u001b[0mPasif\u001b[0m\n        \u001b[36m</button>\u001b[39m\n        \u001b[36m<div\u001b[39m\n          \u001b[33mstyle\u001b[39m=\u001b[32m\"flex: 1 1 0%;\"\u001b[39m\n        \u001b[36m/>\u001b[39m\n      \u001b[36m</div>\u001b[39m\n      \u001b[36m<div\u001b[39m\n        \u001b[33mstyle\u001b[39m=\u001b[32m\"overflow-x: auto;\"\u001b[39m\n      \u001b[36m>\u001b[39m\n        \u001b[36m<table\u001b[39m\n          \u001b[33mstyle\u001b[39m=\u001b[32m\"width: 100%; border-collapse: collapse; font-size: 14px; table-layout: fixed;\"\u001b[39m\n        \u001b[36m>\u001b[39m\n          \u001b[36m<thead>\u001b[39m\n            \u001b[36m<tr\u001b[39m\n              \u001b[33mstyle\u001b[39m=\u001b[32m\"background: rgb(243, 244, 246); border-bottom: 2px solid rgb(221, 221, 221);\"\u001b[39m\n            \u001b[36m>\u001b[39m\n              \u001b[36m<th\u001b[39m\n                \u001b[33mstyle\u001b[39m=\u001b[32m\"padding: 10px; text-align: left; border-right: 1px solid rgb(217, 226, 236); width: 72px; min-width: 72px;\"\u001b[39m\n              \u001b[36m>\u001b[39m\n                \u001b[0mLogo\u001b[0m\n              \u001b[36m</th>\u001b[39m\n              \u001b[36m<th\u001b[39m\n                \u001b[33mstyle\u001b[39m=\u001b[32m\"padding: 10px; text-align: left; border-right: 1px solid rgb(217, 226, 236);\"\u001b[39m\n              \u001b[36m>\u001b[39m\n                \u001b[0mFirma Adi\u001b[0m\n              \u001b[36m</th>\u001b[39m\n              \u001b[36m<th\u001b[39m\n                \u001b[33mstyle\u001b[39m=\u001b[32m\"padding: 10px; text-align: left; border-right: 1px solid rgb(217, 226, 236); width: 210px; min-width: 210px;\"\u001b[39m\n              \u001b[36m>\u001b[39m\n                \u001b[0mYetkili Kisi\u001b[0m\n              \u001b[36m</th>\u001b[39m\n              \u001b[36m<th\u001b[39m\n                \u001b[33mstyle\u001b[39m=\u001b[32m\"padding: 10px; text-align: center; border-right: 1px solid rgb(217, 226, 236); width: 152px; min-width: 152px;\"\u001b[39m\n              \u001b[36m>\u001b[39m\n                \u001b[0mRol\u001b[0m\n              \u001b[36m</th>\u001b[39m\n              \u001b[36m<th\u001b[39m\n                \u001b[33mstyle\u001b[39m=\u001b[32m\"padding: 10px; text-align: center; border-right: 1px solid rgb(217, 226, 236); width: 132px; min-width: 132px;\"\u001b[39m\n              \u001b[36m>\u001b[39m\n                \u001b[0mDurum\u001b[0m\n              \u001b[36m</th>\u001b[39m\n              \u001b[36m<th\u001b[39m\n                \u001b[33mstyle\u001b[39m=\u001b[32m\"padding: 10px; width: 132px; min-width: 132px; text-align: right;\"\u001b[39m\n              \u001b[36m>\u001b[39m\n                \u001b[0mIslem\u001b[0m\n              \u001b[36m</th>\u001b[39m\n            \u001b[36m</tr>\u001b[39m\n          \u001b[36m</thead>\u001b[39m\n          \u001b[36m<tbody>\u001b[39m\n            \u001b[36m<tr\u001b[39m\n              \u001b[33mstyle\u001b[39m=\u001b[32m\"border-bottom: 1px solid rgb(238, 238, 238);\"\u001b[39m\n            \u001b[36m>\u001b[39m\n              \u001b[36m<td\u001b[39m\n                \u001b[33mstyle\u001b[39m=\u001b[32m\"padding: 8px 10px; border-right: 1px solid rgb(238, 242, 247);\"\u001b[39m\n              \u001b[36m>\u001b[39m\n                \u001b[36m<div\u001b[39m\n                  \u001b[33mstyle\u001b[39m=\u001b[32m\"width: 52px; height: 52px; border-radius: 10px; border: 1px solid rgb(219, 227, 238); background: rgb(248, 250, 252); overflow: hidden; display: flex; align-items: center; justify-content: center;\"\u001b[39m\n                \u001b[36m>\u001b[39m\n                  \u001b[36m<span\u001b[39m\n                    \u001b[33mstyle\u001b[39m=\u001b[32m\"font-size: 10px; color: rgb(203, 213, 225);\"\u001b[39m\n                  \u001b[36m>\u001b[39m\n                    \u001b[0m-\u001b[0m\n                  \u001b[36m</span>\u001b[39m\n                \u001b[36m</div>\u001b[39m\n              \u001b[36m</td>\u001b[39m\n              \u001b[36m<td\u001b[39m\n                \u001b[33mstyle\u001b[39m=\u001b[32m\"padding: 8px 10px; border-right: 1px solid rgb(238, 242, 247); font-weight: 600; text-align: left; white-space: nowrap; overflow: hidden; text-overflow: ellipsis;\"\u001b[39m\n                \u001b[33mtitle\u001b[39m=\u001b[32m\"ACME\"\u001b[39m\n              \u001b[36m>\u001b[39m\n                \u001b[0mACME\u001b[0m\n              \u001b[36m</td>\u001b[39m\n              \u001b[36m<td\u001b[39m\n                \u001b[33mstyle\u001b[39m=\u001b[32m\"padding: 8px 10px; border-right: 1px solid rgb(238, 242, 247); color: rgb(71, 85, 105); font-size: 13px; text-align: left; white-space: nowrap; overflow: hidden; text-overflow: ellipsis;\"\u001b[39m\n                \u001b[33mtitle\u001b[39m=\u001b[32m\"-\"\u001b[39m\n              \u001b[36m>\u001b[39m\n                \u001b[0m-\u001b[0m\n              \u001b[36m</td>\u001b[39m\n              \u001b[36m<td\u001b[39m\n                \u001b[33mstyle\u001b[39m=\u001b[32m\"padding: 8px 10px; border-right: 1px solid rgb(238, 242, 247); width: 152px; min-width: 152px; text-align: center; vertical-align: middle; font-size: 12px;\"\u001b[39m\n              \u001b[36m>\u001b[39m\n                \u001b[36m<span\u001b[39m\n                  \u001b[33mstyle\u001b[39m=\u001b[32m\"display: inline-flex; padding: 2px 8px; border-radius: 999px; font-weight: 700; background: rgb(226, 232, 240); color: rgb(51, 65, 85);\"\u001b[39m\n                \u001b[36m>\u001b[39m\n                  \u001b[0mPortal Firma\u001b[0m\n                \u001b[36m</span>\u001b[39m\n              \u001b[36m</td>\u001b[39m\n              \u001b[36m<td\u001b[39m\n                \u001b[33mstyle\u001b[39m=\u001b[32m\"padding: 8px 10px; border-right: 1px solid rgb(238, 242, 247); width: 132px; min-width: 132px; text-align: center; vertical-align: middle;\"\u001b[39m\n              \u001b[36m>\u001b[39m\n                \u001b[36m<button\u001b[39m\n                  \u001b[33mdisabled\u001b[39m=\u001b[32m\"\"\u001b[39m\n                  \u001b[33mstyle\u001b[39m=\u001b[32m\"padding: 4px 10px; border: 1px solid rgb(16, 185, 129); border-radius: 8px; background: rgb(209, 250, 229); color: rgb(6, 95, 70); font-weight: 700; font-size: 12px; cursor: default; opacity: 1;\"\u001b[39m\n                  \u001b[33mtype\u001b[39m=\u001b[32m\"button\"\u001b[39m\n                \u001b[36m>\u001b[39m\n                  \u001b[0m✓ Aktif\u001b[0m\n                \u001b[36m</button>\u001b[39m\n              \u001b[36m</td>\u001b[39m\n              \u001b[36m<td\u001b[39m\n                \u001b[33mstyle\u001b[39m=\u001b[32m\"padding: 8px 10px; width: 132px; min-width: 132px; text-align: right; vertical-align: middle;\"\u001b[39m\n              \u001b[36m>\u001b[39m\n                \u001b[36m<div\u001b[39m\n                  \u001b[33mstyle\u001b[39m=\u001b[32m\"display: flex; align-items: center; justify-content: flex-end; gap: 8px; flex-wrap: nowrap;\"\u001b[39m\n                \u001b[36m>\u001b[39m\n                  \u001b[36m<button\u001b[39m\n                    \u001b[33maria-label\u001b[39m=\u001b[32m\"Detay: ACME\"\u001b[39m\n                    \u001b[33mstyle\u001b[39m=\u001b[32m\"width: 32px; height: 32px; border-radius: 8px; border: 1px rgb(191, 219, 254); background: rgb(239, 246, 255); display: inline-flex; align-items: center; justify-content: center; cursor: pointer;\"\u001b[39m\n                    \u001b[33mtitle\u001b[39m=\u001b[32m\"Detay\"\u001b[39m\n                    \u001b[33mtype\u001b[39m=\u001b[32m\"button\"\u001b[39m\n                  \u001b[36m>\u001b[39m\n                    \u001b[36m<svg\u001b[39m\n                      \u001b[33maria-hidden\u001b[39m=\u001b[32m\"true\"\u001b[39m\n                      \u001b[33mfill\u001b[39m=\u001b[32m\"none\"\u001b[39m\n                      \u001b[33mheight\u001b[39m=\u001b[32m\"14\"\u001b[39m\n                      \u001b[33mviewBox\u001b[39m=\u001b[32m\"0 0 24 24\"\u001b[39m\n                      \u001b[33mwidth\u001b[39m=\u001b[32m\"14\"\u001b[39m\n                    \u001b[36m>\u001b[39m\n                      \u001b[36m<path\u001b[39m\n                        \u001b[33md\u001b[39m=\u001b[32m\"M1 12s4-8 11-8 11 8 11 8-4 8-11 8S1 12 1 12zm11 3a3 3 0 1 0 0-6 3 3 0 0 0 0 6z\"\u001b[39m\n                        \u001b[33mstroke\u001b[39m=\u001b[32m\"#475569\"\u001b[39m\n                        \u001b[33mstroke-linecap\u001b[39m=\u001b[32m\"round\"\u001b[39m\n                        \u001b[33mstroke-linejoin\u001b[39m=\u001b[32m\"round\"\u001b[39m\n                        \u001b[33mstroke-width\u001b[39m=\u001b[32m\"2\"\u001b[39m\n                      \u001b[36m/>\u001b[39m\n                    \u001b[36m</svg>\u001b[39m\n                  \u001b[36m</button>\u001b[39m\n                \u001b[36m</div>\u001b[39m\n              \u001b[36m</td>\u001b[39m\n            \u001b[36m</tr>\u001b[39m\n          \u001b[36m</tbody>\u001b[39m\n        \u001b[36m</table>\u001b[39m\n      \u001b[36m</div>\u001b[39m\n      \u001b[36m<div>\u001b[39m\n        \u001b[0mCompany Create Modal Mock\u001b[0m\n      \u001b[36m</div>\u001b[39m\n    \u001b[36m</div>\u001b[39m\n  \u001b[36m</div>\u001b[39m\n\u001b[36m</body>\u001b[39m\n    at Object.getElementError (D:\\Projects\\procureflow\\web\\node_modules\\@testing-library\\dom\\dist\\config.js:37:19)\n    at D:\\Projects\\procureflow\\web\\node_modules\\@testing-library\\dom\\dist\\query-helpers.js:76:38\n    at D:\\Projects\\procureflow\\web\\node_modules\\@testing-library\\dom\\dist\\query-helpers.js:52:17\n    at D:\\Projects\\procureflow\\web\\node_modules\\@testing-library\\dom\\dist\\query-helpers.js:95:19\n    at D:/Projects/procureflow/web/src/test/admin-readonly-tabs.test.tsx:47:19\n    at file:///D:/Projects/procureflow/web/node_modules/@vitest/runner/dist/chunk-artifact.js:302:11\n    at file:///D:/Projects/procureflow/web/node_modules/@vitest/runner/dist/chunk-artifact.js:1893:26\n    at file:///D:/Projects/procureflow/web/node_modules/@vitest/runner/dist/chunk-artifact.js:2316:20\n    at new Promise (<anonymous>)\n    at runWithCancel (file:///D:/Projects/procureflow/web/node_modules/@vitest/runner/dist/chunk-artifact.js:2313:10)"],"meta":{},"tags":[]},{"ancestorTitles":["Admin read-only tabs"],"fullName":"Admin read-only tabs CompaniesTab tenant admin icin yazma aksiyonlarini acik tutar","status":"failed","title":"CompaniesTab tenant admin icin yazma aksiyonlarini acik tutar","duration":250.0055000000002,"failureMessages":["TestingLibraryElementError: Unable to find a label with the text of: /düzenle/i\n\nIgnored nodes: comments, script, style\n\u001b[36m<body>\u001b[39m\n  \u001b[36m<div>\u001b[39m\n    \u001b[36m<div>\u001b[39m\n      \u001b[36m<div\u001b[39m\n        \u001b[33mstyle\u001b[39m=\u001b[32m\"display: flex; gap: 6px; flex-wrap: wrap; margin-bottom: 16px;\"\u001b[39m\n      \u001b[36m>\u001b[39m\n        \u001b[36m<button\u001b[39m\n          \u001b[33mstyle\u001b[39m=\u001b[32m\"padding: 7px 14px; border-radius: 20px; border: 1px solid rgb(59, 130, 246); background: rgb(59, 130, 246); color: white; font-weight: 700; font-size: 13px; cursor: pointer;\"\u001b[39m\n          \u001b[33mtype\u001b[39m=\u001b[32m\"button\"\u001b[39m\n        \u001b[36m>\u001b[39m\n          \u001b[0mPortal Ana Firmalar (1)\u001b[0m\n        \u001b[36m</button>\u001b[39m\n        \u001b[36m<button\u001b[39m\n          \u001b[33mstyle\u001b[39m=\u001b[32m\"padding: 7px 14px; border-radius: 20px; border: 1px solid rgb(226, 232, 240); background: white; color: rgb(55, 65, 81); font-weight: 500; font-size: 13px; cursor: pointer;\"\u001b[39m\n          \u001b[33mtype\u001b[39m=\u001b[32m\"button\"\u001b[39m\n        \u001b[36m>\u001b[39m\n          \u001b[0mStratejik Partner Firmalar (0)\u001b[0m\n        \u001b[36m</button>\u001b[39m\n        \u001b[36m<button\u001b[39m\n          \u001b[33mstyle\u001b[39m=\u001b[32m\"padding: 7px 14px; border-radius: 20px; border: 1px solid rgb(226, 232, 240); background: white; color: rgb(55, 65, 81); font-weight: 500; font-size: 13px; cursor: pointer;\"\u001b[39m\n          \u001b[33mtype\u001b[39m=\u001b[32m\"button\"\u001b[39m\n        \u001b[36m>\u001b[39m\n          \u001b[0mTedarikci Firmalar (0)\u001b[0m\n        \u001b[36m</button>\u001b[39m\n        \u001b[36m<button\u001b[39m\n          \u001b[33mstyle\u001b[39m=\u001b[32m\"padding: 7px 14px; border-radius: 20px; border: 1px solid rgb(226, 232, 240); background: white; color: rgb(55, 65, 81); font-weight: 500; font-size: 13px; cursor: pointer;\"\u001b[39m\n          \u001b[33mtype\u001b[39m=\u001b[32m\"button\"\u001b[39m\n        \u001b[36m>\u001b[39m\n          \u001b[0mIs Ortagi Firmalar (0)\u001b[0m\n        \u001b[36m</button>\u001b[39m\n      \u001b[36m</div>\u001b[39m\n      \u001b[36m<div\u001b[39m\n        \u001b[33mstyle\u001b[39m=\u001b[32m\"display: flex; align-items: center; gap: 10px; margin-bottom: 16px; flex-wrap: wrap;\"\u001b[39m\n      \u001b[36m>\u001b[39m\n        \u001b[36m<button\u001b[39m\n          \u001b[33mstyle\u001b[39m=\u001b[32m\"padding: 5px 14px; border-radius: 16px; border: 1px solid rgb(29, 78, 216); background: rgb(29, 78, 216); color: white; font-weight: 700; font-size: 13px; cursor: pointer;\"\u001b[39m\n          \u001b[33mtype\u001b[39m=\u001b[32m\"button\"\u001b[39m\n        \u001b[36m>\u001b[39m\n          \u001b[0mTumu\u001b[0m\n        \u001b[36m</button>\u001b[39m\n        \u001b[36m<button\u001b[39m\n          \u001b[33mstyle\u001b[39m=\u001b[32m\"padding: 5px 14px; border-radius: 16px; border: 1px solid rgb(226, 232, 240); background: white; color: rgb(55, 65, 81); font-weight: 500; font-size: 13px; cursor: pointer;\"\u001b[39m\n          \u001b[33mtype\u001b[39m=\u001b[32m\"button\"\u001b[39m\n        \u001b[36m>\u001b[39m\n          \u001b[0mAktif\u001b[0m\n        \u001b[36m</button>\u001b[39m\n        \u001b[36m<button\u001b[39m\n          \u001b[33mstyle\u001b[39m=\u001b[32m\"padding: 5px 14px; border-radius: 16px; border: 1px solid rgb(226, 232, 240); background: white; color: rgb(55, 65, 81); font-weight: 500; font-size: 13px; cursor: pointer;\"\u001b[39m\n          \u001b[33mtype\u001b[39m=\u001b[32m\"button\"\u001b[39m\n        \u001b[36m>\u001b[39m\n          \u001b[0mPasif\u001b[0m\n        \u001b[36m</button>\u001b[39m\n        \u001b[36m<div\u001b[39m\n          \u001b[33mstyle\u001b[39m=\u001b[32m\"flex: 1 1 0%;\"\u001b[39m\n        \u001b[36m/>\u001b[39m\n        \u001b[36m<button\u001b[39m\n          \u001b[33mstyle\u001b[39m=\u001b[32m\"padding: 8px 16px; background: rgb(16, 185, 129); color: white; border: medium; border-radius: 8px; cursor: pointer; font-weight: 700; font-size: 13px;\"\u001b[39m\n          \u001b[33mtype\u001b[39m=\u001b[32m\"button\"\u001b[39m\n        \u001b[36m>\u001b[39m\n          \u001b[0m+ Yeni Firma\u001b[0m\n        \u001b[36m</button>\u001b[39m\n      \u001b[36m</div>\u001b[39m\n      \u001b[36m<div\u001b[39m\n        \u001b[33mstyle\u001b[39m=\u001b[32m\"overflow-x: auto;\"\u001b[39m\n      \u001b[36m>\u001b[39m\n        \u001b[36m<table\u001b[39m\n          \u001b[33mstyle\u001b[39m=\u001b[32m\"width: 100%; border-collapse: collapse; font-size: 14px; table-layout: fixed;\"\u001b[39m\n        \u001b[36m>\u001b[39m\n          \u001b[36m<thead>\u001b[39m\n            \u001b[36m<tr\u001b[39m\n              \u001b[33mstyle\u001b[39m=\u001b[32m\"background: rgb(243, 244, 246); border-bottom: 2px solid rgb(221, 221, 221);\"\u001b[39m\n            \u001b[36m>\u001b[39m\n              \u001b[36m<th\u001b[39m\n                \u001b[33mstyle\u001b[39m=\u001b[32m\"padding: 10px; text-align: left; border-right: 1px solid rgb(217, 226, 236); width: 72px; min-width: 72px;\"\u001b[39m\n              \u001b[36m>\u001b[39m\n                \u001b[0mLogo\u001b[0m\n              \u001b[36m</th>\u001b[39m\n              \u001b[36m<th\u001b[39m\n                \u001b[33mstyle\u001b[39m=\u001b[32m\"padding: 10px; text-align: left; border-right: 1px solid rgb(217, 226, 236);\"\u001b[39m\n              \u001b[36m>\u001b[39m\n                \u001b[0mFirma Adi\u001b[0m\n              \u001b[36m</th>\u001b[39m\n              \u001b[36m<th\u001b[39m\n                \u001b[33mstyle\u001b[39m=\u001b[32m\"padding: 10px; text-align: left; border-right: 1px solid rgb(217, 226, 236); width: 210px; min-width: 210px;\"\u001b[39m\n              \u001b[36m>\u001b[39m\n                \u001b[0mYetkili Kisi\u001b[0m\n              \u001b[36m</th>\u001b[39m\n              \u001b[36m<th\u001b[39m\n                \u001b[33mstyle\u001b[39m=\u001b[32m\"padding: 10px; text-align: center; border-right: 1px solid rgb(217, 226, 236); width: 152px; min-width: 152px;\"\u001b[39m\n              \u001b[36m>\u001b[39m\n                \u001b[0mRol\u001b[0m\n              \u001b[36m</th>\u001b[39m\n              \u001b[36m<th\u001b[39m\n                \u001b[33mstyle\u001b[39m=\u001b[32m\"padding: 10px; text-align: center; border-right: 1px solid rgb(217, 226, 236); width: 132px; min-width: 132px;\"\u001b[39m\n              \u001b[36m>\u001b[39m\n                \u001b[0mDurum\u001b[0m\n              \u001b[36m</th>\u001b[39m\n              \u001b[36m<th\u001b[39m\n                \u001b[33mstyle\u001b[39m=\u001b[32m\"padding: 10px; width: 132px; min-width: 132px; text-align: right;\"\u001b[39m\n              \u001b[36m>\u001b[39m\n                \u001b[0mIslem\u001b[0m\n              \u001b[36m</th>\u001b[39m\n            \u001b[36m</tr>\u001b[39m\n          \u001b[36m</thead>\u001b[39m\n          \u001b[36m<tbody>\u001b[39m\n            \u001b[36m<tr\u001b[39m\n              \u001b[33mstyle\u001b[39m=\u001b[32m\"border-bottom: 1px solid rgb(238, 238, 238);\"\u001b[39m\n            \u001b[36m>\u001b[39m\n              \u001b[36m<td\u001b[39m\n                \u001b[33mstyle\u001b[39m=\u001b[32m\"padding: 8px 10px; border-right: 1px solid rgb(238, 242, 247);\"\u001b[39m\n              \u001b[36m>\u001b[39m\n                \u001b[36m<div\u001b[39m\n                  \u001b[33mstyle\u001b[39m=\u001b[32m\"width: 52px; height: 52px; border-radius: 10px; border: 1px solid rgb(219, 227, 238); background: rgb(248, 250, 252); overflow: hidden; display: flex; align-items: center; justify-content: center;\"\u001b[39m\n                \u001b[36m>\u001b[39m\n                  \u001b[36m<span\u001b[39m\n                    \u001b[33mstyle\u001b[39m=\u001b[32m\"font-size: 10px; color: rgb(203, 213, 225);\"\u001b[39m\n                  \u001b[36m>\u001b[39m\n                    \u001b[0m-\u001b[0m\n                  \u001b[36m</span>\u001b[39m\n                \u001b[36m</div>\u001b[39m\n              \u001b[36m</td>\u001b[39m\n              \u001b[36m<td\u001b[39m\n                \u001b[33mstyle\u001b[39m=\u001b[32m\"padding: 8px 10px; border-right: 1px solid rgb(238, 242, 247); font-weight: 600; text-align: left; white-space: nowrap; overflow: hidden; text-overflow: ellipsis;\"\u001b[39m\n                \u001b[33mtitle\u001b[39m=\u001b[32m\"ACME\"\u001b[39m\n              \u001b[36m>\u001b[39m\n                \u001b[0mACME\u001b[0m\n              \u001b[36m</td>\u001b[39m\n              \u001b[36m<td\u001b[39m\n                \u001b[33mstyle\u001b[39m=\u001b[32m\"padding: 8px 10px; border-right: 1px solid rgb(238, 242, 247); color: rgb(71, 85, 105); font-size: 13px; text-align: left; white-space: nowrap; overflow: hidden; text-overflow: ellipsis;\"\u001b[39m\n                \u001b[33mtitle\u001b[39m=\u001b[32m\"-\"\u001b[39m\n              \u001b[36m>\u001b[39m\n                \u001b[0m-\u001b[0m\n              \u001b[36m</td>\u001b[39m\n              \u001b[36m<td\u001b[39m\n                \u001b[33mstyle\u001b[39m=\u001b[32m\"padding: 8px 10px; border-right: 1px solid rgb(238, 242, 247); width: 152px; min-width: 152px; text-align: center; vertical-align: middle; font-size: 12px;\"\u001b[39m\n              \u001b[36m>\u001b[39m\n                \u001b[36m<span\u001b[39m\n                  \u001b[33mstyle\u001b[39m=\u001b[32m\"display: inline-flex; padding: 2px 8px; border-radius: 999px; font-weight: 700; background: rgb(226, 232, 240); color: rgb(51, 65, 85);\"\u001b[39m\n                \u001b[36m>\u001b[39m\n                  \u001b[0mPortal Firma\u001b[0m\n                \u001b[36m</span>\u001b[39m\n              \u001b[36m</td>\u001b[39m\n              \u001b[36m<td\u001b[39m\n                \u001b[33mstyle\u001b[39m=\u001b[32m\"padding: 8px 10px; border-right: 1px solid rgb(238, 242, 247); width: 132px; min-width: 132px; text-align: center; vertical-align: middle;\"\u001b[39m\n              \u001b[36m>\u001b[39m\n                \u001b[36m<button\u001b[39m\n                  \u001b[33mstyle\u001b[39m=\u001b[32m\"padding: 4px 10px; border: 1px solid rgb(16, 185, 129); border-radius: 8px; background: rgb(209, 250, 229); color: rgb(6, 95, 70); font-weight: 700; font-size: 12px; cursor: pointer; opacity: 1;\"\u001b[39m\n                  \u001b[33mtype\u001b[39m=\u001b[32m\"button\"\u001b[39m\n                \u001b[36m>\u001b[39m\n                  \u001b[0m✓ Aktif\u001b[0m\n                \u001b[36m</button>\u001b[39m\n              \u001b[36m</td>\u001b[39m\n              \u001b[36m<td\u001b[39m\n                \u001b[33mstyle\u001b[39m=\u001b[32m\"padding: 8px 10px; width: 132px; min-width: 132px; text-align: right; vertical-align: middle;\"\u001b[39m\n              \u001b[36m>\u001b[39m\n                \u001b[36m<div\u001b[39m\n                  \u001b[33mstyle\u001b[39m=\u001b[32m\"display: flex; align-items: center; justify-content: flex-end; gap: 8px; flex-wrap: nowrap;\"\u001b[39m\n                \u001b[36m>\u001b[39m\n                  \u001b[36m<button\u001b[39m\n                    \u001b[33maria-label\u001b[39m=\u001b[32m\"Detay: ACME\"\u001b[39m\n                    \u001b[33mstyle\u001b[39m=\u001b[32m\"width: 32px; height: 32px; border-radius: 8px; border: 1px rgb(191, 219, 254); background: rgb(239, 246, 255); display: inline-flex; align-items: center; justify-content: center; cursor: pointer;\"\u001b[39m\n                    \u001b[33mtitle\u001b[39m=\u001b[32m\"Detay\"\u001b[39m\n                    \u001b[33mtype\u001b[39m=\u001b[32m\"button\"\u001b[39m\n                  \u001b[36m>\u001b[39m\n                    \u001b[36m<svg\u001b[39m\n                      \u001b[33maria-hidden\u001b[39m=\u001b[32m\"true\"\u001b[39m\n                      \u001b[33mfill\u001b[39m=\u001b[32m\"none\"\u001b[39m\n                      \u001b[33mheight\u001b[39m=\u001b[32m\"14\"\u001b[39m\n                      \u001b[33mviewBox\u001b[39m=\u001b[32m\"0 0 24 24\"\u001b[39m\n                      \u001b[33mwidth\u001b[39m=\u001b[32m\"14\"\u001b[39m\n                    \u001b[36m>\u001b[39m\n                      \u001b[36m<path\u001b[39m\n                        \u001b[33md\u001b[39m=\u001b[32m\"M1 12s4-8 11-8 11 8 11 8-4 8-11 8S1 12 1 12zm11 3a3 3 0 1 0 0-6 3 3 0 0 0 0 6z\"\u001b[39m\n                        \u001b[33mstroke\u001b[39m=\u001b[32m\"#475569\"\u001b[39m\n                        \u001b[33mstroke-linecap\u001b[39m=\u001b[32m\"round\"\u001b[39m\n                        \u001b[33mstroke-linejoin\u001b[39m=\u001b[32m\"round\"\u001b[39m\n                        \u001b[33mstroke-width\u001b[39m=\u001b[32m\"2\"\u001b[39m\n                      \u001b[36m/>\u001b[39m\n                    \u001b[36m</svg>\u001b[39m\n                  \u001b[36m</button>\u001b[39m\n                  \u001b[36m<button\u001b[39m\n                    \u001b[33maria-label\u001b[39m=\u001b[32m\"Duzenle: ACME\"\u001b[39m\n                    \u001b[33mstyle\u001b[39m=\u001b[32m\"width: 32px; height: 32px; border-radius: 8px; border: 1px rgb(187, 247, 208); background: rgb(236, 253, 243); display: inline-flex; align-items: center; justify-content: center; cursor: pointer;\"\u001b[39m\n                    \u001b[33mtitle\u001b[39m=\u001b[32m\"Duzenle\"\u001b[39m\n                    \u001b[33mtype\u001b[39m=\u001b[32m\"button\"\u001b[39m\n                  \u001b[36m>\u001b[39m\n                    \u001b[36m<svg\u001b[39m\n                      \u001b[33maria-hidden\u001b[39m=\u001b[32m\"true\"\u001b[39m\n                      \u001b[33mfill\u001b[39m=\u001b[32m\"none\"\u001b[39m\n                      \u001b[33mheight\u001b[39m=\u001b[32m\"14\"\u001b[39m\n                      \u001b[33mviewBox\u001b[39m=\u001b[32m\"0 0 24 24\"\u001b[39m\n                      \u001b[33mwidth\u001b[39m=\u001b[32m\"14\"\u001b[39m\n                    \u001b[36m>\u001b[39m\n                      \u001b[36m<path\u001b[39m\n                        \u001b[33md\u001b[39m=\u001b[32m\"M12 20h9M16.5 3.5a2.1 2.1 0 1 1 3 3L7 19l-4 1 1-4 12.5-12.5z\"\u001b[39m\n                        \u001b[33mstroke\u001b[39m=\u001b[32m\"#15803d\"\u001b[39m\n                        \u001b[33mstroke-linecap\u001b[39m=\u001b[32m\"round\"\u001b[39m\n                        \u001b[33mstroke-linejoin\u001b[39m=\u001b[32m\"round\"\u001b[39m\n                        \u001b[33mstroke-width\u001b[39m=\u001b[32m\"2\"\u001b[39m\n                      \u001b[36m/>\u001b[39m\n                    \u001b[36m</svg>\u001b[39m\n                  \u001b[36m</button>\u001b[39m\n                  \u001b[36m<button\u001b[39m\n                    \u001b[33maria-label\u001b[39m=\u001b[32m\"Sil: ACME\"\u001b[39m\n                    \u001b[33mdisabled\u001b[39m=\u001b[32m\"\"\u001b[39m\n                    \u001b[33mstyle\u001b[39m=\u001b[32m\"width: 32px; height: 32px; border-radius: 8px; border: 1px rgb(209, 213, 219); background: rgb(243, 244, 246); display: inline-flex; align-items: center; justify-content: center; cursor: not-allowed; opacity: 0.6;\"\u001b[39m\n                    \u001b[33mtitle\u001b[39m=\u001b[32m\"Silmek icin once pasife alin\"\u001b[39m\n                    \u001b[33mtype\u001b[39m=\u001b[32m\"button\"\u001b[39m\n                  \u001b[36m>\u001b[39m\n                    \u001b[36m<svg\u001b[39m\n                      \u001b[33maria-hidden\u001b[39m=\u001b[32m\"true\"\u001b[39m\n                      \u001b[33mfill\u001b[39m=\u001b[32m\"none\"\u001b[39m\n                      \u001b[33mheight\u001b[39m=\u001b[32m\"14\"\u001b[39m\n                      \u001b[33mviewBox\u001b[39m=\u001b[32m\"0 0 24 24\"\u001b[39m\n                      \u001b[33mwidth\u001b[39m=\u001b[32m\"14\"\u001b[39m\n                    \u001b[36m>\u001b[39m\n                      \u001b[36m<path\u001b[39m\n                        \u001b[33md\u001b[39m=\u001b[32m\"M3 6h18M8 6V4h8v2m-1 0v14a2 2 0 0 1-2 2h-2a2 2 0 0 1-2-2V6m3 4v8m4-8v8\"\u001b[39m\n                        \u001b[33mstroke\u001b[39m=\u001b[32m\"#94a3b8\"\u001b[39m\n                        \u001b[33mstroke-linecap\u001b[39m=\u001b[32m\"round\"\u001b[39m\n                        \u001b[33mstroke-linejoin\u001b[39m=\u001b[32m\"round\"\u001b[39m\n                        \u001b[33mstroke-width\u001b[39m=\u001b[32m\"2\"\u001b[39m\n                      \u001b[36m/>\u001b[39m\n                    \u001b[36m</svg>\u001b[39m\n                  \u001b[36m</button>\u001b[39m\n                \u001b[36m</div>\u001b[39m\n              \u001b[36m</td>\u001b[39m\n            \u001b[36m</tr>\u001b[39m\n          \u001b[36m</tbody>\u001b[39m\n        \u001b[36m</table>\u001b[39m\n      \u001b[36m</div>\u001b[39m\n      \u001b[36m<div>\u001b[39m\n        \u001b[0mCompany Create Modal Mock\u001b[0m\n      \u001b[36m</div>\u001b[39m\n    \u001b[36m</div>\u001b[39m\n  \u001b[36m</div>\u001b[39m\n\u001b[36m</body>\u001b[39m\n    at Object.getElementError (D:\\Projects\\procureflow\\web\\node_modules\\@testing-library\\dom\\dist\\config.js:37:19)\n    at getAllByLabelText (D:\\Projects\\procureflow\\web\\node_modules\\@testing-library\\dom\\dist\\queries\\label-text.js:111:38)\n    at D:\\Projects\\procureflow\\web\\node_modules\\@testing-library\\dom\\dist\\query-helpers.js:52:17\n    at D:\\Projects\\procureflow\\web\\node_modules\\@testing-library\\dom\\dist\\query-helpers.js:95:19\n    at D:/Projects/procureflow/web/src/test/admin-readonly-tabs.test.tsx:65:19\n    at file:///D:/Projects/procureflow/web/node_modules/@vitest/runner/dist/chunk-artifact.js:302:11\n    at file:///D:/Projects/procureflow/web/node_modules/@vitest/runner/dist/chunk-artifact.js:1893:26\n    at file:///D:/Projects/procureflow/web/node_modules/@vitest/runner/dist/chunk-artifact.js:2316:20\n    at new Promise (<anonymous>)\n    at runWithCancel (file:///D:/Projects/procureflow/web/node_modules/@vitest/runner/dist/chunk-artifact.js:2313:10)"],"meta":{},"tags":[]},{"ancestorTitles":["Admin read-only tabs"],"fullName":"Admin read-only tabs DepartmentsTab readOnly modda yazma aksiyonlarini kapatir","status":"passed","title":"DepartmentsTab readOnly modda yazma aksiyonlarini kapatir","duration":384.8739000000005,"failureMessages":[],"meta":{},"tags":[]},{"ancestorTitles":["Admin read-only tabs"],"fullName":"Admin read-only tabs DepartmentsTab tenant admin icin yazma aksiyonlarini acik tutar","status":"passed","title":"DepartmentsTab tenant admin icin yazma aksiyonlarini acik tutar","duration":242.2520999999997,"failureMessages":[],"meta":{},"tags":[]},{"ancestorTitles":["Admin read-only tabs"],"fullName":"Admin read-only tabs RolesTab platform staff icin yazma aksiyonlarini kapatir","status":"passed","title":"RolesTab platform staff icin yazma aksiyonlarini kapatir","duration":67.38339999999971,"failureMessages":[],"meta":{},"tags":[]},{"ancestorTitles":["Admin read-only tabs"],"fullName":"Admin read-only tabs RolesTab tenant admin icin yazma aksiyonlarini acik tutar","status":"passed","title":"RolesTab tenant admin icin yazma aksiyonlarini acik tutar","duration":121.01199999999972,"failureMessages":[],"meta":{},"tags":[]}],"startTime":1777656923786,"endTime":1777656926217.012,"status":"failed","message":"","name":"D:/Projects/procureflow/web/src/test/admin-readonly-tabs.test.tsx"},{"assertionResults":[{"ancestorTitles":["AdvancedSettingsTab company mail visibility"],"fullName":"AdvancedSettingsTab company mail visibility super admin firma bazli mail gorunurluk tikini gorebilir ve guncelleyebilir","status":"passed","title":"super admin firma bazli mail gorunurluk tikini gorebilir ve guncelleyebilir","duration":1204.4256,"failureMessages":[],"meta":{},"tags":[]}],"startTime":1777656931692,"endTime":1777656932896.4255,"status":"passed","message":"","name":"D:/Projects/procureflow/web/src/test/advanced-settings-mail-visibility.test.tsx"},{"assertionResults":[{"ancestorTitles":["AdvancedSettingsTab mail regressions"],"fullName":"AdvancedSettingsTab mail regressions prefers work email over login email when choosing popup mailbox","status":"passed","title":"prefers work email over login email when choosing popup mailbox","duration":3.6123999999999796,"failureMessages":[],"meta":{},"tags":[]},{"ancestorTitles":["AdvancedSettingsTab mail regressions"],"fullName":"AdvancedSettingsTab mail regressions falls back to first account when work email has no exact mailbox match","status":"passed","title":"falls back to first account when work email has no exact mailbox match","duration":0.6492000000000644,"failureMessages":[],"meta":{},"tags":[]},{"ancestorTitles":["AdvancedSettingsTab mail regressions"],"fullName":"AdvancedSettingsTab mail regressions keeps explicitly selected account when it still exists","status":"passed","title":"keeps explicitly selected account when it still exists","duration":0.5794000000000779,"failureMessages":[],"meta":{},"tags":[]},{"ancestorTitles":["AdvancedSettingsTab mail regressions"],"fullName":"AdvancedSettingsTab mail regressions maps legacy mail tab query to settings so popup flow stays in advanced settings","status":"passed","title":"maps legacy mail tab query to settings so popup flow stays in advanced settings","duration":0.906099999999924,"failureMessages":[],"meta":{},"tags":[]},{"ancestorTitles":["AdvancedSettingsTab mail regressions"],"fullName":"AdvancedSettingsTab mail regressions returns first available tab when requested tab is unavailable","status":"passed","title":"returns first available tab when requested tab is unavailable","duration":0.5444999999999709,"failureMessages":[],"meta":{},"tags":[]}],"startTime":1777656937764,"endTime":1777656937770.5444,"status":"passed","message":"","name":"D:/Projects/procureflow/web/src/test/advanced-settings-tab.test.tsx"},{"assertionResults":[{"ancestorTitles":["AppLayout"],"fullName":"AppLayout Outlet içeriğini render eder","status":"passed","title":"Outlet içeriğini render eder","duration":510.1282000000001,"failureMessages":[],"meta":{},"tags":[]},{"ancestorTitles":["AppLayout"],"fullName":"AppLayout Çıkış Yap tıklanınca logout + navigate çalışır","status":"passed","title":"Çıkış Yap tıklanınca logout + navigate çalışır","duration":780.9426000000003,"failureMessages":[],"meta":{},"tags":[]},{"ancestorTitles":["AppLayout"],"fullName":"AppLayout platform support kullanıcısı için workspace fallback etiketini gösterir","status":"failed","title":"platform support kullanıcısı için workspace fallback etiketini gösterir","duration":70.22929999999997,"failureMessages":["TestingLibraryElementError: Unable to find an element with the text: /Platform Operasyon Alani/i. This could be because the text is broken up by multiple elements. In this case, you can provide a function for your text matcher to make your matcher more flexible.\n\nIgnored nodes: comments, script, style\n\u001b[36m<body>\u001b[39m\n  \u001b[36m<div>\u001b[39m\n    \u001b[36m<div\u001b[39m\n      \u001b[33mstyle\u001b[39m=\u001b[32m\"font-family: Arial; min-height: 100vh; background: rgb(244, 245, 242);\"\u001b[39m\n    \u001b[36m>\u001b[39m\n      \u001b[36m<header\u001b[39m\n        \u001b[33mstyle\u001b[39m=\u001b[32m\"min-height: 96px; background: linear-gradient(95deg, rgba(100, 116, 139, 0.85) 0%, rgba(100, 116, 139, 0.67) 100%); color: rgb(248, 250, 252); display: flex; align-items: center; justify-content: space-between; padding: 10px 22px; position: relative; box-shadow: 0 14px 30px rgba(15, 23, 42, 0.12);\"\u001b[39m\n      \u001b[36m>\u001b[39m\n        \u001b[36m<div\u001b[39m\n          \u001b[33mstyle\u001b[39m=\u001b[32m\"display: flex; gap: 26px; align-items: center; min-width: 0px; flex: 1 1 0%;\"\u001b[39m\n        \u001b[36m>\u001b[39m\n          \u001b[36m<div\u001b[39m\n            \u001b[33mstyle\u001b[39m=\u001b[32m\"display: flex; flex-direction: column; gap: 6px; justify-content: center; flex-shrink: 0; margin-right: 4px;\"\u001b[39m\n          \u001b[36m>\u001b[39m\n            \u001b[36m<div\u001b[39m\n              \u001b[33mstyle\u001b[39m=\u001b[32m\"display: flex; align-items: center; height: 36px;\"\u001b[39m\n            \u001b[36m>\u001b[39m\n              \u001b[36m<img\u001b[39m\n                \u001b[33malt\u001b[39m=\u001b[32m\"BUYER ASISTANS\"\u001b[39m\n                \u001b[33msrc\u001b[39m=\u001b[32m\"/brand/buyer-logo-custom.svg\"\u001b[39m\n                \u001b[33mstyle\u001b[39m=\u001b[32m\"height: 34px; max-width: 168px; filter: brightness(0) invert(1);\"\u001b[39m\n              \u001b[36m/>\u001b[39m\n            \u001b[36m</div>\u001b[39m\n            \u001b[36m<div\u001b[39m\n              \u001b[33mstyle\u001b[39m=\u001b[32m\"display: flex; gap: 12px; align-items: center; min-width: 0px; height: 40px;\"\u001b[39m\n            \u001b[36m>\u001b[39m\n              \u001b[36m<div\u001b[39m\n                \u001b[33mstyle\u001b[39m=\u001b[32m\"width: 40px; height: 40px; border-radius: 14px; display: grid; place-items: center; background: rgba(255, 255, 255, 0.14); font-weight: 800; flex-shrink: 0;\"\u001b[39m\n              \u001b[36m>\u001b[39m\n                \u001b[0mBU\u001b[0m\n              \u001b[36m</div>\u001b[39m\n              \u001b[36m<div\u001b[39m\n                \u001b[33mstyle\u001b[39m=\u001b[32m\"min-width: 0px;\"\u001b[39m\n              \u001b[36m>\u001b[39m\n                \u001b[36m<div\u001b[39m\n                  \u001b[33mstyle\u001b[39m=\u001b[32m\"font-size: 16px; font-weight: 700; white-space: nowrap; overflow: hidden; text-overflow: ellipsis;\"\u001b[39m\n                \u001b[36m>\u001b[39m\n                  \u001b[0mBuyera Asistans\u001b[0m\n                \u001b[36m</div>\u001b[39m\n              \u001b[36m</div>\u001b[39m\n            \u001b[36m</div>\u001b[39m\n          \u001b[36m</div>\u001b[39m\n          \u001b[36m<div\u001b[39m\n            \u001b[33mstyle\u001b[39m=\u001b[32m\"display: flex; gap: 10px; align-items: center; flex-wrap: wrap; min-width: 0px; height: 40px; padding-top: 40px;\"\u001b[39m\n          \u001b[36m>\u001b[39m\n            \u001b[36m<a\u001b[39m\n              \u001b[33mdata-discover\u001b[39m=\u001b[32m\"true\"\u001b[39m\n              \u001b[33mhref\u001b[39m=\u001b[32m\"/dashboard\"\u001b[39m\n              \u001b[33mstyle\u001b[39m=\u001b[32m\"color: rgb(229, 236, 232); text-decoration: none; font-size: 13px; font-weight: 700; padding: 8px 12px; border-radius: 12px; border: 1px solid rgba(255, 255, 255, 0.12); background: rgba(255, 255, 255, 0.06); box-shadow: inset 0 1px 0 rgba(255,255,255,0.05);\"\u001b[39m\n            \u001b[36m>\u001b[39m\n              \u001b[0mDashboard\u001b[0m\n            \u001b[36m</a>\u001b[39m\n            \u001b[36m<a\u001b[39m\n              \u001b[33mdata-discover\u001b[39m=\u001b[32m\"true\"\u001b[39m\n              \u001b[33mhref\u001b[39m=\u001b[32m\"/quotes\"\u001b[39m\n              \u001b[33mstyle\u001b[39m=\u001b[32m\"color: rgb(229, 236, 232); text-decoration: none; font-size: 13px; font-weight: 700; padding: 8px 12px; border-radius: 12px; border: 1px solid rgba(255, 255, 255, 0.12); background: rgba(255, 255, 255, 0.06); box-shadow: inset 0 1px 0 rgba(255,255,255,0.05);\"\u001b[39m\n            \u001b[36m>\u001b[39m\n              \u001b[0mTeklifler\u001b[0m\n            \u001b[36m</a>\u001b[39m\n            \u001b[36m<a\u001b[39m\n              \u001b[33mdata-discover\u001b[39m=\u001b[32m\"true\"\u001b[39m\n              \u001b[33mhref\u001b[39m=\u001b[32m\"/admin\"\u001b[39m\n              \u001b[33mstyle\u001b[39m=\u001b[32m\"color: rgb(229, 236, 232); text-decoration: none; font-size: 13px; font-weight: 700; padding: 8px 12px; border-radius: 12px; border: 1px solid rgba(255, 255, 255, 0.12); background: rgba(255, 255, 255, 0.06); box-shadow: inset 0 1px 0 rgba(255,255,255,0.05);\"\u001b[39m\n            \u001b[36m>\u001b[39m\n              \u001b[0mCalisma Alani\u001b[0m\n            \u001b[36m</a>\u001b[39m\n            \u001b[36m<a\u001b[39m\n              \u001b[33mdata-discover\u001b[39m=\u001b[32m\"true\"\u001b[39m\n              \u001b[33mhref\u001b[39m=\u001b[32m\"/discovery-lab\"\u001b[39m\n              \u001b[33mstyle\u001b[39m=\u001b[32m\"color: rgb(229, 236, 232); text-decoration: none; font-size: 13px; font-weight: 700; padding: 8px 12px; border-radius: 12px; border: 1px solid rgba(255, 255, 255, 0.12); background: rgba(255, 255, 255, 0.06); box-shadow: inset 0 1px 0 rgba(255,255,255,0.05);\"\u001b[39m\n            \u001b[36m>\u001b[39m\n              \u001b[0mAI Keşif Lab\u001b[0m\n            \u001b[36m</a>\u001b[39m\n            \u001b[36m<a\u001b[39m\n              \u001b[33mdata-discover\u001b[39m=\u001b[32m\"true\"\u001b[39m\n              \u001b[33mhref\u001b[39m=\u001b[32m\"/reports\"\u001b[39m\n              \u001b[33mstyle\u001b[39m=\u001b[32m\"color: rgb(229, 236, 232); text-decoration: none; font-size: 13px; font-weight: 700; padding: 8px 12px; border-radius: 12px; border: 1px solid rgba(255, 255, 255, 0.12); background: rgba(255, 255, 255, 0.06); box-shadow: inset 0 1px 0 rgba(255,255,255,0.05);\"\u001b[39m\n            \u001b[36m>\u001b[39m\n              \u001b[0mRaporlar\u001b[0m\n            \u001b[36m</a>\u001b[39m\n          \u001b[36m</div>\u001b[39m\n        \u001b[36m</div>\u001b[39m\n        \u001b[36m<div\u001b[39m\n          \u001b[33mstyle\u001b[39m=\u001b[32m\"display: flex; gap: 8px; align-items: flex-end; flex-direction: column; position: relative;\"\u001b[39m\n        \u001b[36m>\u001b[39m\n          \u001b[36m<button\u001b[39m\n            \u001b[33mstyle\u001b[39m=\u001b[32m\"background: rgba(255, 255, 255, 0.08); border: 1px solid rgba(255, 255, 255, 0.12); color: rgb(248, 250, 252); padding: 10px 14px; border-radius: 14px; cursor: pointer; font-size: 14px;\"\u001b[39m\n          \u001b[36m>\u001b[39m\n            \u001b[0m🛡️\u001b[0m\n            \u001b[0m \u001b[0m\n            \u001b[0msupport@pf.com\u001b[0m\n          \u001b[36m</button>\u001b[39m\n        \u001b[36m</div>\u001b[39m\n      \u001b[36m</header>\u001b[39m\n      \u001b[36m<main\u001b[39m\n        \u001b[33mstyle\u001b[39m=\u001b[32m\"padding: 10px 24px 24px; max-width: 1100px; margin: 0px auto;\"\u001b[39m\n      \u001b[36m>\u001b[39m\n        \u001b[36m<div>\u001b[39m\n          \u001b[0mİçerik\u001b[0m\n        \u001b[36m</div>\u001b[39m\n      \u001b[36m</main>\u001b[39m\n    \u001b[36m</div>\u001b[39m\n  \u001b[36m</div>\u001b[39m\n\u001b[36m</body>\u001b[39m\n    at Object.getElementError (D:\\Projects\\procureflow\\web\\node_modules\\@testing-library\\dom\\dist\\config.js:37:19)\n    at D:\\Projects\\procureflow\\web\\node_modules\\@testing-library\\dom\\dist\\query-helpers.js:76:38\n    at D:\\Projects\\procureflow\\web\\node_modules\\@testing-library\\dom\\dist\\query-helpers.js:52:17\n    at D:\\Projects\\procureflow\\web\\node_modules\\@testing-library\\dom\\dist\\query-helpers.js:95:19\n    at D:/Projects/procureflow/web/src/test/app-layout.test.tsx:101:19\n    at file:///D:/Projects/procureflow/web/node_modules/@vitest/runner/dist/chunk-artifact.js:302:11\n    at file:///D:/Projects/procureflow/web/node_modules/@vitest/runner/dist/chunk-artifact.js:1893:26\n    at file:///D:/Projects/procureflow/web/node_modules/@vitest/runner/dist/chunk-artifact.js:2316:20\n    at new Promise (<anonymous>)\n    at runWithCancel (file:///D:/Projects/procureflow/web/node_modules/@vitest/runner/dist/chunk-artifact.js:2313:10)"],"meta":{},"tags":[]},{"ancestorTitles":["AppLayout"],"fullName":"AppLayout tenant owner kullanıcısı için owner workspace fallback etiketini gösterir","status":"failed","title":"tenant owner kullanıcısı için owner workspace fallback etiketini gösterir","duration":85.18170000000009,"failureMessages":["TestingLibraryElementError: Unable to find an element with the text: /Owner Yonetim Alani/i. This could be because the text is broken up by multiple elements. In this case, you can provide a function for your text matcher to make your matcher more flexible.\n\nIgnored nodes: comments, script, style\n\u001b[36m<body>\u001b[39m\n  \u001b[36m<div>\u001b[39m\n    \u001b[36m<div\u001b[39m\n      \u001b[33mstyle\u001b[39m=\u001b[32m\"font-family: Arial; min-height: 100vh; background: rgb(244, 245, 242);\"\u001b[39m\n    \u001b[36m>\u001b[39m\n      \u001b[36m<header\u001b[39m\n        \u001b[33mstyle\u001b[39m=\u001b[32m\"min-height: 96px; background: linear-gradient(95deg, rgba(37, 99, 235, 0.85) 0%, rgba(37, 99, 235, 0.67) 100%); color: rgb(248, 250, 252); display: flex; align-items: center; justify-content: space-between; padding: 10px 22px; position: relative; box-shadow: 0 14px 30px rgba(15, 23, 42, 0.12);\"\u001b[39m\n      \u001b[36m>\u001b[39m\n        \u001b[36m<div\u001b[39m\n          \u001b[33mstyle\u001b[39m=\u001b[32m\"display: flex; gap: 26px; align-items: center; min-width: 0px; flex: 1 1 0%;\"\u001b[39m\n        \u001b[36m>\u001b[39m\n          \u001b[36m<div\u001b[39m\n            \u001b[33mstyle\u001b[39m=\u001b[32m\"display: flex; flex-direction: column; gap: 6px; justify-content: center; flex-shrink: 0; margin-right: 4px;\"\u001b[39m\n          \u001b[36m>\u001b[39m\n            \u001b[36m<div\u001b[39m\n              \u001b[33mstyle\u001b[39m=\u001b[32m\"display: flex; align-items: center; height: 36px;\"\u001b[39m\n            \u001b[36m>\u001b[39m\n              \u001b[36m<img\u001b[39m\n                \u001b[33malt\u001b[39m=\u001b[32m\"BUYER ASISTANS\"\u001b[39m\n                \u001b[33msrc\u001b[39m=\u001b[32m\"/brand/buyer-logo-custom.svg\"\u001b[39m\n                \u001b[33mstyle\u001b[39m=\u001b[32m\"height: 34px; max-width: 168px; filter: brightness(0) invert(1);\"\u001b[39m\n              \u001b[36m/>\u001b[39m\n     
[...]
2m\"mt-2 text-sm text-gray-600\"\u001b[39m\n          \u001b[36m>\u001b[39m\n            \u001b[36m<span>\u001b[39m\n              \u001b[0mMaintenance modu kapalı. Tüm kullanıcılar sisteme erişebilir.\u001b[0m\n            \u001b[36m</span>\u001b[39m\n          \u001b[36m</p>\u001b[39m\n        \u001b[36m</div>\u001b[39m\n        \u001b[36m<div\u001b[39m\n          \u001b[33mclass\u001b[39m=\u001b[32m\"bg-blue-50 border border-blue-200 rounded-lg p-4 text-sm text-blue-800\"\u001b[39m\n        \u001b[36m>\u001b[39m\n          \u001b[36m<ul\u001b[39m\n            \u001b[33mclass\u001b[39m=\u001b[32m\"space-y-1\"\u001b[39m\n          \u001b[36m>\u001b[39m\n            \u001b[36m<li>\u001b[39m\n              \u001b[36m<strong>\u001b[39m\n                \u001b[0mSon Güncelleme:\u001b[0m\n              \u001b[36m</strong>\u001b[39m\n              \u001b[0m \u001b[0m\n              \u001b[0m01.05.2026 20:35:23\u001b[0m\n            \u001b[36m</li>\u001b[39m\n            \u001b[36m<li>\u001b[39m\n              \u001b[36m<strong>\u001b[39m\n                \u001b[0mGüncelleyen:\u001b[0m\n              \u001b[36m</strong>\u001b[39m\n              \u001b[0m Kullanıcı #\u001b[0m\n              \u001b[0m1\u001b[0m\n            \u001b[36m</li>\u001b[39m\n          \u001b[36m</ul>\u001b[39m\n        \u001b[36m</div>\u001b[39m\n        \u001b[36m<div\u001b[39m\n          \u001b[33mclass\u001b[39m=\u001b[32m\"border-t pt-6\"\u001b[39m\n        \u001b[36m>\u001b[39m\n          \u001b[36m<div\u001b[39m\n            \u001b[33mclass\u001b[39m=\u001b[32m\"block text-sm font-medium text-gray-700 mb-2\"\u001b[39m\n          \u001b[36m>\u001b[39m\n            \u001b[0mKDV Oranları\u001b[0m\n          \u001b[36m</div>\u001b[39m\n          \u001b[36m<div\u001b[39m\n            \u001b[33mclass\u001b[39m=\u001b[32m\"flex flex-wrap gap-2 mb-3\"\u001b[39m\n          \u001b[36m>\u001b[39m\n            \u001b[36m<div\u001b[39m\n              \u001b[33mclass\u001b[39m=\u001b[32m\"inline-flex items-center gap-2 bg-gray-100 border border-gray-300 rounded px-3 py-1 text-sm\"\u001b[39m\n            \u001b[36m>\u001b[39m\n              \u001b[36m<span>\u001b[39m\n                \u001b[0m%\u001b[0m\n                \u001b[0m1\u001b[0m\n              \u001b[36m</span>\u001b[39m\n              \u001b[36m<button\u001b[39m\n                \u001b[33mclass\u001b[39m=\u001b[32m\"text-red-600 font-bold\"\u001b[39m\n                \u001b[33mtitle\u001b[39m=\u001b[32m\"KDV oranını sil\"\u001b[39m\n                \u001b[33mtype\u001b[39m=\u001b[32m\"button\"\u001b[39m\n              \u001b[36m>\u001b[39m\n                \u001b[0m×\u001b[0m\n              \u001b[36m</button>\u001b[39m\n            \u001b[36m</div>\u001b[39m\n            \u001b[36m<div\u001b[39m\n              \u001b[33mclass\u001b[39m=\u001b[32m\"inline-flex items-center gap-2 bg-gray-100 border border-gray-300 rounded px-3 py-1 text-sm\"\u001b[39m\n            \u001b[36m>\u001b[39m\n              \u001b[36m<span>\u001b[39m\n                \u001b[0m%\u001b[0m\n                \u001b[0m10\u001b[0m\n              \u001b[36m</span>\u001b[39m\n              \u001b[36m<button\u001b[39m\n                \u001b[33mclass\u001b[39m=\u001b[32m\"text-red-600 font-bold\"\u001b[39m\n                \u001b[33mtitle\u001b[39m=\u001b[32m\"KDV oranını sil\"\u001b[39m\n                \u001b[33mtype\u001b[39m=\u001b[32m\"button\"\u001b[39m\n              \u001b[36m>\u001b[39m\n                \u001b[0m×\u001b[0m\n              \u001b[36m</button>\u001b[39m\n            \u001b[36m</div>\u001b[39m\n            \u001b[36m<div\u001b[39m\n              \u001b[33mclass\u001b[39m=\u001b[32m\"inline-flex items-center gap-2 bg-gray-100 border border-gray-300 rounded px-3 py-1 text-sm\"\u001b[39m\n            \u001b[36m>\u001b[39m\n              \u001b[36m<span>\u001b[39m\n                \u001b[0m%\u001b[0m\n                \u001b[0m20\u001b[0m\n              \u001b[36m</span>\u001b[39m\n              \u001b[36m<button\u001b[39m\n                \u001b[33mclass\u001b[39m=\u001b[32m\"text-red-600 font-bold\"\u001b[39m\n                \u001b[33mtitle\u001b[39m=\u001b[32m\"KDV oranını sil\"\u001b[39m\n                \u001b[33mtype\u001b[39m=\u001b[32m\"button\"\u001b[39m\n              \u001b[36m>\u001b[39m\n                \u001b[0m×\u001b[0m\n              \u001b[36m</button>\u001b[39m\n            \u001b[36m</div>\u001b[39m\n          \u001b[36m</div>\u001b[39m\n          \u001b[36m<div\u001b[39m\n            \u001b[33mclass\u001b[39m=\u001b[32m\"flex items-center gap-2\"\u001b[39m\n          \u001b[36m>\u001b[39m\n            \u001b[36m<input\u001b[39m\n              \u001b[33mclass\u001b[39m=\u001b[32m\"px-3 py-2 border border-gray-300 rounded-md w-40 disabled:bg-gray-100\"\u001b[39m\n              \u001b[33mmin\u001b[39m=\u001b[32m\"0\"\u001b[39m\n              \u001b[33mplaceholder\u001b[39m=\u001b[32m\"Örn: 8\"\u001b[39m\n              \u001b[33mstep\u001b[39m=\u001b[32m\"0.01\"\u001b[39m\n              \u001b[33mtype\u001b[39m=\u001b[32m\"number\"\u001b[39m\n              \u001b[33mvalue\u001b[39m=\u001b[32m\"\"\u001b[39m\n            \u001b[36m/>\u001b[39m\n            \u001b[36m<button\u001b[39m\n              \u001b[33mclass\u001b[39m=\u001b[32m\"px-3 py-2 bg-blue-600 text-white rounded-md disabled:opacity-50 disabled:cursor-not-allowed\"\u001b[39m\n              \u001b[33mtype\u001b[39m=\u001b[32m\"button\"\u001b[39m\n            \u001b[36m>\u001b[39m\n              \u001b[0mKDV Ekle\u001b[0m\n            \u001b[36m</button>\u001b[39m\n          \u001b[36m</div>\u001b[39m\n          \u001b[36m<p\u001b[39m\n            \u001b[33mclass\u001b[39m=\u001b[32m\"mt-1 text-sm text-gray-500\"\u001b[39m\n          \u001b[36m>\u001b[39m\n            \u001b[0mTeklif kalemlerinde kullanılacak KDV oranlarını buradan yönetebilirsiniz.\u001b[0m\n          \u001b[36m</p>\u001b[39m\n        \u001b[36m</div>\u001b[39m\n        \u001b[36m<div\u001b[39m\n          \u001b[33mclass\u001b[39m=\u001b[32m\"flex gap-3 pt-4 border-t\"\u001b[39m\n        \u001b[36m>\u001b[39m\n          \u001b[36m<button\u001b[39m\n            \u001b[33mclass\u001b[39m=\u001b[32m\"px-4 py-2 bg-blue-600 text-white rounded-lg hover:bg-blue-700 disabled:opacity-50 disabled:cursor-not-allowed font-medium\"\u001b[39m\n            \u001b[33mtype\u001b[39m=\u001b[32m\"submit\"\u001b[39m\n          \u001b[36m>\u001b[39m\n            \u001b[0mDeğişiklikleri Kaydet\u001b[0m\n          \u001b[36m</button>\u001b[39m\n          \u001b[36m<button\u001b[39m\n            \u001b[33mclass\u001b[39m=\u001b[32m\"px-4 py-2 bg-gray-200 text-gray-800 rounded-lg hover:bg-gray-300 disabled:opacity-50 disabled:cursor-not-allowed font-medium\"\u001b[39m\n            \u001b[33mtype\u001b[39m=\u001b[32m\"button\"\u001b[39m\n          \u001b[36m>\u001b[39m\n            \u001b[0mSıfırla\u001b[0m\n          \u001b[36m</button>\u001b[39m\n        \u001b[36m</div>\u001b[39m\n      \u001b[36m</form>\u001b[39m\n    \u001b[36m</div>\u001b[39m\n  \u001b[36m</div>\u001b[39m\n\u001b[36m</body>\u001b[39m\n    at waitForWrapper (D:\\Projects\\procureflow\\web\\node_modules\\@testing-library\\dom\\dist\\wait-for.js:163:27)\n    at D:\\Projects\\procureflow\\web\\node_modules\\@testing-library\\dom\\dist\\query-helpers.js:86:33\n    at D:/Projects/procureflow/web/src/test/settings-tab.test.tsx:87:25\n    at file:///D:/Projects/procureflow/web/node_modules/@vitest/runner/dist/chunk-artifact.js:302:11\n    at file:///D:/Projects/procureflow/web/node_modules/@vitest/runner/dist/chunk-artifact.js:1893:26\n    at file:///D:/Projects/procureflow/web/node_modules/@vitest/runner/dist/chunk-artifact.js:2316:20\n    at new Promise (<anonymous>)\n    at runWithCancel (file:///D:/Projects/procureflow/web/node_modules/@vitest/runner/dist/chunk-artifact.js:2313:10)\n    at file:///D:/Projects/procureflow/web/node_modules/@vitest/runner/dist/chunk-artifact.js:2295:20\n    at new Promise (<anonymous>)"],"meta":{},"tags":[]},{"ancestorTitles":["SettingsTab tenant identity permissions"],"fullName":"SettingsTab tenant identity permissions super admin icin temel ayarlari düzenlenebilir gosterir","status":"passed","title":"super admin icin temel ayarlari düzenlenebilir gosterir","duration":449.7605000000003,"failureMessages":[],"meta":{},"tags":[]},{"ancestorTitles":["SettingsTab tenant identity permissions"],"fullName":"SettingsTab tenant identity permissions tenant admin icin temel ayarlari salt okunur gosterir","status":"passed","title":"tenant admin icin temel ayarlari salt okunur gosterir","duration":139.6149000000005,"failureMessages":[],"meta":{},"tags":[]},{"ancestorTitles":["SettingsTab tenant identity permissions"],"fullName":"SettingsTab tenant identity permissions tenant owner icin temel ayarlari düzenlenebilir gosterir","status":"passed","title":"tenant owner icin temel ayarlari düzenlenebilir gosterir","duration":115.95180000000073,"failureMessages":[],"meta":{},"tags":[]},{"ancestorTitles":["SettingsTab tenant identity permissions"],"fullName":"SettingsTab tenant identity permissions platform support icin temel ayarlari salt okunur gosterir","status":"passed","title":"platform support icin temel ayarlari salt okunur gosterir","duration":114.02639999999883,"failureMessages":[],"meta":{},"tags":[]}],"startTime":1777656923107,"endTime":1777656934095.0264,"status":"failed","message":"","name":"D:/Projects/procureflow/web/src/test/settings-tab.test.tsx"},{"assertionResults":[{"ancestorTitles":["SmartFallbackRedirect"],"fullName":"SmartFallbackRedirect anon kullanıcıyı /login'e yönlendirir","status":"passed","title":"anon kullanıcıyı /login'e yönlendirir","duration":83.7524000000003,"failureMessages":[],"meta":{},"tags":[]},{"ancestorTitles":["SmartFallbackRedirect"],"fullName":"SmartFallbackRedirect admin kullanıcıyı varsayılan rota olan /dashboard'a yönlendirir","status":"failed","title":"admin kullanıcıyı varsayılan rota olan /dashboard'a yönlendirir","duration":10029.773000000001,"failureMessages":["Error: Unable to find an element with the text: Dashboard Page. This could be because the text is broken up by multiple elements. In this case, you can provide a function for your text matcher to make your matcher more flexible.\n\nIgnored nodes: comments, script, style\n\u001b[36m<body>\u001b[39m\n  \u001b[36m<div />\u001b[39m\n\u001b[36m</body>\u001b[39m\n    at waitForWrapper (D:\\Projects\\procureflow\\web\\node_modules\\@testing-library\\dom\\dist\\wait-for.js:163:27)\n    at D:\\Projects\\procureflow\\web\\node_modules\\@testing-library\\dom\\dist\\query-helpers.js:86:33\n    at D:/Projects/procureflow/web/src/test/smart-fallback-redirect.test.tsx:59:25\n    at file:///D:/Projects/procureflow/web/node_modules/@vitest/runner/dist/chunk-artifact.js:302:11\n    at file:///D:/Projects/procureflow/web/node_modules/@vitest/runner/dist/chunk-artifact.js:1893:26\n    at file:///D:/Projects/procureflow/web/node_modules/@vitest/runner/dist/chunk-artifact.js:2316:20\n    at new Promise (<anonymous>)\n    at runWithCancel (file:///D:/Projects/procureflow/web/node_modules/@vitest/runner/dist/chunk-artifact.js:2313:10)\n    at file:///D:/Projects/procureflow/web/node_modules/@vitest/runner/dist/chunk-artifact.js:2295:20\n    at new Promise (<anonymous>)"],"meta":{},"tags":[]},{"ancestorTitles":["SmartFallbackRedirect"],"fullName":"SmartFallbackRedirect manager kullanıcıyı mevcut davranışta /dashboard'a yönlendirir","status":"passed","title":"manager kullanıcıyı mevcut davranışta /dashboard'a yönlendirir","duration":19.310199999999895,"failureMessages":[],"meta":{},"tags":[]},{"ancestorTitles":["SmartFallbackRedirect"],"fullName":"SmartFallbackRedirect buyer/user kullanıcıyı /dashboard'a yönlendirir","status":"passed","title":"buyer/user kullanıcıyı /dashboard'a yönlendirir","duration":14.32180000000153,"failureMessages":[],"meta":{},"tags":[]},{"ancestorTitles":["SmartFallbackRedirect"],"fullName":"SmartFallbackRedirect platform support kullanicisini /admin'e yönlendirir","status":"passed","title":"platform support kullanicisini /admin'e yönlendirir","duration":42.73530000000028,"failureMessages":[],"meta":{},"tags":[]},{"ancestorTitles":["SmartFallbackRedirect"],"fullName":"SmartFallbackRedirect tenant owner kullanicisini /admin'e yönlendirir","status":"passed","title":"tenant owner kullanicisini /admin'e yönlendirir","duration":49.391999999999825,"failureMessages":[],"meta":{},"tags":[]},{"ancestorTitles":["SmartFallbackRedirect"],"fullName":"SmartFallbackRedirect super admin kullanicisini /admin'e yönlendirir","status":"passed","title":"super admin kullanicisini /admin'e yönlendirir","duration":6.27770000000055,"failureMessages":[],"meta":{},"tags":[]},{"ancestorTitles":["SmartFallbackRedirect"],"fullName":"SmartFallbackRedirect loading true iken fallback bileşeni içerik render etmez","status":"passed","title":"loading true iken fallback bileşeni içerik render etmez","duration":3.0622000000003027,"failureMessages":[],"meta":{},"tags":[]}],"startTime":1777656923083,"endTime":1777656933332.0623,"status":"failed","message":"","name":"D:/Projects/procureflow/web/src/test/smart-fallback-redirect.test.tsx"},{"assertionResults":[{"ancestorTitles":["smoke ui"],"fullName":"smoke ui PageLoader render edilir","status":"passed","title":"PageLoader render edilir","duration":54.59979999999996,"failureMessages":[],"meta":{},"tags":[]},{"ancestorTitles":["smoke ui"],"fullName":"smoke ui ReportsPage render edilir","status":"failed","title":"ReportsPage render edilir","duration":16.286600000000362,"failureMessages":["Error: useAuth, AuthProvider içinde kullanılmalı.\n    at useAuth (D:/Projects/procureflow/web/src/hooks/useAuth.ts:7:19)\n    at ReportsPage (D:/Projects/procureflow/web/src/pages/ReportsPage.tsx:7:20)\n    at Object.react_stack_bottom_frame (D:\\Projects\\procureflow\\web\\node_modules\\react-dom\\cjs\\react-dom-client.development.js:25904:20)\n    at renderWithHooks (D:\\Projects\\procureflow\\web\\node_modules\\react-dom\\cjs\\react-dom-client.development.js:7662:22)\n    at updateFunctionComponent (D:\\Projects\\procureflow\\web\\node_modules\\react-dom\\cjs\\react-dom-client.development.js:10166:19)\n    at beginWork (D:\\Projects\\procureflow\\web\\node_modules\\react-dom\\cjs\\react-dom-client.development.js:11778:18)\n    at runWithFiberInDEV (D:\\Projects\\procureflow\\web\\node_modules\\react-dom\\cjs\\react-dom-client.development.js:874:13)\n    at performUnitOfWork (D:\\Projects\\procureflow\\web\\node_modules\\react-dom\\cjs\\react-dom-client.development.js:17641:22)\n    at workLoopSync (D:\\Projects\\procureflow\\web\\node_modules\\react-dom\\cjs\\react-dom-client.development.js:17469:41)\n    at renderRootSync (D:\\Projects\\procureflow\\web\\node_modules\\react-dom\\cjs\\react-dom-client.development.js:17450:11)"],"meta":{},"tags":[]}],"startTime":1777656923080,"endTime":1777656923151.2866,"status":"failed","message":"","name":"D:/Projects/procureflow/web/src/test/smoke-ui.test.tsx"},{"assertionResults":[{"ancestorTitles":["Supplier selection modals"],"fullName":"Supplier selection modals SendQuoteModal kaynak kartlariyla filtreler ve secili supplierlari gonderir","status":"passed","title":"SendQuoteModal kaynak kartlariyla filtreler ve secili supplierlari gonderir","duration":1549.0139000000004,"failureMessages":[],"meta":{},"tags":[]},{"ancestorTitles":["Supplier selection modals"],"fullName":"Supplier selection modals ProjectSuppliersModal source filtre istegini yollar ve secili supplierlari projeye ekler","status":"passed","title":"ProjectSuppliersModal source filtre istegini yollar ve secili supplierlari projeye ekler","duration":2795.509400000001,"failureMessages":[],"meta":{},"tags":[]}],"startTime":1777656927246,"endTime":1777656931590.5095,"status":"passed","message":"","name":"D:/Projects/procureflow/web/src/test/supplier-selection-modals.test.tsx"},{"assertionResults":[{"ancestorTitles":["SuppliersTab permissions"],"fullName":"SuppliersTab permissions platform staff icin tedarikci tabini read-only render eder","status":"passed","title":"platform staff icin tedarikci tabini read-only render eder","duration":935.4888999999998,"failureMessages":[],"meta":{},"tags":[]},{"ancestorTitles":["SuppliersTab permissions"],"fullName":"SuppliersTab permissions kaynak filtrelerini ve supplier etiketlerini gosterir","status":"passed","title":"kaynak filtrelerini ve supplier etiketlerini gosterir","duration":386.96110000000044,"failureMessages":[],"meta":{},"tags":[]},{"ancestorTitles":["SuppliersTab permissions"],"fullName":"SuppliersTab permissions tenant admin hizli davet popupindan minimum supplier verisi gonderebilir","status":"passed","title":"tenant admin hizli davet popupindan minimum supplier verisi gonderebilir","duration":4457.750599999999,"failureMessages":[],"meta":{},"tags":[]}],"startTime":1777656926056,"endTime":1777656931836.7505,"status":"passed","message":"","name":"D:/Projects/procureflow/web/src/test/suppliers-tab-permissions.test.tsx"},{"assertionResults":[{"ancestorTitles":["SupportTicketAdminTab"],"fullName":"SupportTicketAdminTab yüklenince talepleri listeler","status":"passed","title":"yüklenince talepleri listeler","duration":413.1396,"failureMessages":[],"meta":{},"tags":[]},{"ancestorTitles":["SupportTicketAdminTab"],"fullName":"SupportTicketAdminTab SLA aşan talep için uyarı gösterir","status":"passed","title":"SLA aşan talep için uyarı gösterir","duration":97.46969999999965,"failureMessages":[],"meta":{},"tags":[]},{"ancestorTitles":["SupportTicketAdminTab"],"fullName":"SupportTicketAdminTab özet metrik kartlarını doğru değerle gösterir","status":"passed","title":"özet metrik kartlarını doğru değerle gösterir","duration":122.89440000000013,"failureMessages":[],"meta":{},"tags":[]},{"ancestorTitles":["SupportTicketAdminTab"],"fullName":"SupportTicketAdminTab talep satırına tıklayınca inline form açılır","status":"passed","title":"talep satırına tıklayınca inline form açılır","duration":726.4152999999997,"failureMessages":[],"meta":{},"tags":[]},{"ancestorTitles":["SupportTicketAdminTab"],"fullName":"SupportTicketAdminTab kaydet butonu backend'i güncelleme isteğiyle çağırır","status":"passed","title":"kaydet butonu backend'i güncelleme isteğiyle çağırır","duration":717.8939,"failureMessages":[],"meta":{},"tags":[]},{"ancestorTitles":["SupportTicketAdminTab"],"fullName":"SupportTicketAdminTab API hatası durumunda hata mesajı gösterir","status":"passed","title":"API hatası durumunda hata mesajı gösterir","duration":107.52189999999973,"failureMessages":[],"meta":{},"tags":[]},{"ancestorTitles":["SupportTicketAdminTab"],"fullName":"SupportTicketAdminTab kayıt yoksa boş durum mesajı gösterir","status":"passed","title":"kayıt yoksa boş durum mesajı gösterir","duration":70.71640000000025,"failureMessages":[],"meta":{},"tags":[]}],"startTime":1777656930383,"endTime":1777656932639.7163,"status":"passed","message":"","name":"D:/Projects/procureflow/web/src/test/support-ticket-admin.test.tsx"},{"assertionResults":[{"ancestorTitles":["token lib"],"fullName":"token lib set/get access token çalışır","status":"passed","title":"set/get access token çalışır","duration":3.1239999999997963,"failureMessages":[],"meta":{},"tags":[]},{"ancestorTitles":["token lib"],"fullName":"token lib clear access token temizler","status":"passed","title":"clear access token temizler","duration":0.9942000000000917,"failureMessages":[],"meta":{},"tags":[]}],"startTime":1777656939345,"endTime":1777656939349.9941,"status":"passed","message":"","name":"D:/Projects/procureflow/web/src/test/token.test.ts"},{"assertionResults":[{"ancestorTitles":["useAuth"],"fullName":"useAuth AuthProvider dışında çağrılırsa hata fırlatır","status":"passed","title":"AuthProvider dışında çağrılırsa hata fırlatır","duration":41.794200000000274,"failureMessages":[],"meta":{},"tags":[]}],"startTime":1777656937468,"endTime":1777656937509.7942,"status":"passed","message":"","name":"D:/Projects/procureflow/web/src/test/use-auth.test.tsx"}]}